=== 모니터링 수집 시작: 2026-06-11 10:41:03 ===
@@@[2026/06/11 10:41:03.000][비교][JUCHE_DIFF_8]|현물 주/체 #1: 수신 [ $0$ ] B[ 0] 처리 [ $0$ ]|@@@
@@@[2026/06/11 10:41:03.000][비교][JUCHE_DIFF_9]|현물 주/체 #2: 수신 [ $0$ ] B[ 0] 처리 [ $0$ ]|@@@
@@@[2026/06/11 10:41:03.000][비교][JUCHE_DIFF_10]|현물 주/체 #3: 수신 [ $0$ ] B[ 0] 처리 [ $0$ ]|@@@
@@@[2026/06/11 10:41:03.000][비교][JUCHE_DIFF_11]|현물 주/체 #4: 수신 [ $0$ ] B[ 0] 처리 [ $0$ ]|@@@
@@@[2026/06/11 10:41:03.000][비교][JUCHE_DIFF_12]|현물 주/체 #5: 수신 [ $0$ ] B[ 0] 처리 [ $0$ ]|@@@
@@@[2026/06/11 10:41:03.000][비교][JUCHE_DIFF_13]|현물 주/체 #6: 수신 [ $0$ ] B[ 0] 처리 [ $0$ ]|@@@
@@@[2026/06/11 10:41:03.000][비교][JUCHE_DIFF_14]|현물 주/체 #7: 수신 [ $0$ ] B[ 0] 처리 [ $0$ ]|@@@
@@@[2026/06/11 10:41:03.000][비교][JUCHE_DIFF_15]|현물 주/체 #8: 수신 [ $0$ ] B[ 0] 처리 [ $0$ ]|@@@
@@@[2026/06/11 10:41:03.000][비교][JUCHE_DIFF_16]|현물 주/체 #9: 수신 [ $0$ ] B[ 0] 처리 [ $0$ ]|@@@
@@@[2026/06/11 10:41:03.000][비교][JUCHE_DIFF_17]|현물 주/체 #0: 수신 [ $0$ ] B[ 0] 처리 [ $0$ ]|@@@
@@@[2026/06/11 10:41:03.000][비교][JUCHE_DIFF_18]|파생 주/체 #1: 수신 [ $0$ ] B[ 0] 처리 [ $0$ ]|@@@
@@@[2026/06/11 10:41:03.000][비교][JUCHE_DIFF_19]|계좌정보 #1: 수신 [ $22$ ] B[ 0] 처리 [ $22$ ]|@@@
@@@[2026/06/11 10:41:03.000][비교][JUCHE_DIFF_20]|실시간정산 #1: 수신 [ $1418$ ] B[ 0] 처리 [ $1418$ ]|@@@
@@@[2026/06/11 10:41:03.000][비교][JUCHE_DIFF_21]|실시간정산 #2: 수신 [ $1748$ ] B[ 0] 처리 [ $1748$ ]|@@@
@@@[2026/06/11 10:41:03.000][비교][JUCHE_DIFF_22]|실시간정산 #3: 수신 [ $1594$ ] B[ 0] 처리 [ $1594$ ]|@@@
@@@[2026/06/11 10:41:03.000][비교][JUCHE_DIFF_23]|실시간정산 #4: 수신 [ $1484$ ] B[ 0] 처리 [ $1484$ ]|@@@
@@@[2026/06/11 10:41:03.000][비교][JUCHE_DIFF_24]|실시간정산 #5: 수신 [ $1698$ ] B[ 0] 처리 [ $1698$ ]|@@@
@@@[2026/06/11 10:41:03.000][비교][JUCHE_DIFF_25]|실시간정산 #6: 수신 [ $1476$ ] B[ 0] 처리 [ $1476$ ]|@@@
@@@[2026/06/11 10:41:03.000][비교][JUCHE_DIFF_26]|실시간정산 #7: 수신 [ $1443$ ] B[ 0] 처리 [ $1443$ ]|@@@
@@@[2026/06/11 10:41:03.000][비교][JUCHE_DIFF_27]|실시간정산 #8: 수신 [ $1632$ ] B[ 0] 처리 [ $1632$ ]|@@@
@@@[2026/06/11 10:41:03.000][비교][JUCHE_DIFF_28]|실시간정산 #9: 수신 [ $1566$ ] B[ 0] 처리 [ $1566$ ]|@@@
@@@[2026/06/11 10:41:03.000][비교][JUCHE_DIFF_29]|실시간정산 #0: 수신 [ $1312$ ] B[ 0] 처리 [ $1312$ ]|@@@
@@@[2026/06/11 10:41:03.000][비교][JUCHE_DIFF_32]|R 현물 주/체#1: 수신 [ $0$ ] B[ 0] 처리 [ $0$ ]|@@@
@@@[2026/06/11 10:41:03.000][비교][JUCHE_DIFF_33]|R 파생 주/체#1: 수신 [ $0$ ] B[ 0] 처리 [ $0$ ]|@@@
@@@[2026/06/11 10:41:03.000][비교][JUCHE_DIFF_34]|R 계좌정보 #1: 수신 [ $0$ ] B[ 0] 처리 [ $0$ ]|@@@
@@@[2026/06/11 10:41:03.000][비교][JUCHE_DIFF_35]|R 실시간정산#1: 수신 [ $0$ ] B[ 0] 처리 [ $0$ ]|@@@
@@@[2026/06/11 10:41:04.000][시간][MOMRV_H_1]|mom_rv Delay수행 : TIME CHECK 05:50:00 HIGH : $07:25$|@@@
@@@[2026/06/11 10:41:04.000][시간][MOMRV_H_2]|mom_rv Delay수행 : TIME CHECK 05:50:00 HIGH : $07:25$|@@@
@@@[2026/06/11 10:41:04.000][시간][MOMRV_H_3]|mom_rv Delay수행 : TIME CHECK 05:50:00 HIGH : $07:25$|@@@
@@@[2026/06/11 10:41:04.000][시간][MOMRV_H_4]|mom_rv Delay수행 : TIME CHECK 05:50:00 HIGH : $07:25$|@@@
@@@[2026/06/11 10:41:04.000][정보][JCM_CPU]|CPU 사용률 : 정상( 1 ) ( 40 미만 )|@@@
@@@[2026/06/11 10:41:04.000][정보][JCM_DISK]|DISK 사용률 : 정상( 38 ) ( 15 이상 )|@@@
@@@[2026/06/11 10:41:04.000][정보][JCM_PROC]|PROCESS 갯수 : 정상 (az_/3) (ao_mp/1) (ao_jn/4) (ao_tr/4)|@@@
@@@[2026/06/11 10:41:04.000][정보][JCM_MOM_TIME]|MOM_RV : 정상 ( 시간 : 0500 ~ 0550 사이 구동 )|@@@
@@@[2026/06/11 10:41:04.000][정보][JCM_RVM_TIME]|dbr_Rvmmdb : 정상 ( 시간 : 0500 ~ 0550 사이 구동 )|@@@
@@@[2026/06/11 10:41:04.000][정보][JCM_IICLEAR]|IICLEAR_END FILE : 정상 ( 시간 : 0000 ~ 0030 사이 생성 )|@@@
@@@[2026/06/11 10:41:04.000][수치][JCM_SIGNAL_CNT]|CHECK >> Signal Proc shutdown : 갯수이상-1건이 정상 ( $0$ 건 )|@@@
@@@[2026/06/11 10:41:04.000][수치][JCM_SHUT_CNT]|CHECK >> Normal shutdown : 갯수이상-6건이 정상 ( $0$ 건 )|@@@
@@@[2026/06/11 10:41:04.000][수치][JCM_BATCHK]|CHECK >> 오류발생건-처리건수 : 처리건수 이상 ( $7$ 건 오류 발생. 4 건 처리 )|@@@
@@@[2026/06/11 10:41:04.000][정보][JCM_JUCHE_FILE]|주문체결 파일 : 정상 ( 22 개 생성 )|@@@
@@@[2026/06/11 10:41:04.000][수치][JCM_JNL_FILE]|체크 >> JNL 파일 : 갯수 오류 , JNL File ($2$) 개 MINI FILE (13) MINI END FIle (7)|@@@
@@@[2026/06/11 10:41:04.000][비교][JCM_PORT]|체크 >> JCR_와 20026 PORT : 갯수 CHECK ( jCR:$3$, 20026:$0$ )|@@@
@@@[2026/06/11 10:41:04.000][정보][JCM_UDP]|JCR_MSENDER_UDP : 사용중 ( 1 개 Process )|@@@
@@@[2026/06/11 10:41:04.000][수치][JCM_SIGNAL_CNT2]|CHECK >> SignalProc-shutdown : 갯수이상-1건이 정상 ( $0$ 건 )|@@@
@@@[2026/06/11 10:41:04.000][정보][JCM_FO_RCV]|XAGENT 파생 처리 : 정상 ( 0 건 수신/처리 )|@@@
@@@[2026/06/11 10:41:04.000][정보][JCM_AC_RCV]|XAGENT 계좌 처리 : 정상 ( 22 건 수신/처리 )|@@@
@@@[2026/06/11 10:41:04.000][정보][JCM_ST_RCV0]|XAGENT 현물 처리 #0 : 정상 ( 0 건 수신/처리 )|@@@
@@@[2026/06/11 10:41:04.000][정보][JCM_ST_RCV1]|XAGENT 현물 처리 #1 : 정상 ( 0 건 수신/처리 )|@@@
@@@[2026/06/11 10:41:04.000][정보][JCM_ST_RCV2]|XAGENT 현물 처리 #2 : 정상 ( 0 건 수신/처리 )|@@@
@@@[2026/06/11 10:41:04.000][정보][JCM_ST_RCV3]|XAGENT 현물 처리 #3 : 정상 ( 0 건 수신/처리 )|@@@
@@@[2026/06/11 10:41:04.000][정보][JCM_ST_RCV4]|XAGENT 현물 처리 #4 : 정상 ( 0 건 수신/처리 )|@@@
@@@[2026/06/11 10:41:04.000][정보][JCM_ST_RCV4]|XAGENT 현물 처리 #5 : 정상 ( 0 건 수신/처리 )|@@@
@@@[2026/06/11 10:41:04.000][정보][JCM_ST_RCV4]|XAGENT 현물 처리 #6 : 정상 ( 0 건 수신/처리 )|@@@
@@@[2026/06/11 10:41:04.000][정보][JCM_ST_RCV4]|XAGENT 현물 처리 #7 : 정상 ( 0 건 수신/처리 )|@@@
@@@[2026/06/11 10:41:04.000][정보][JCM_ST_RCV4]|XAGENT 현물 처리 #8 : 정상 ( 0 건 수신/처리 )|@@@
@@@[2026/06/11 10:41:04.000][정보][JCM_ST_RCV4]|XAGENT 현물 처리 #9 : 정상 ( 0 건 수신/처리 )|@@@
@@@[2026/06/11 10:41:04.000][정보][JCM_RE_RCV0]|XAGENT 정산 처리 #0 : 정상 ( 1312 건 수신/처리 )|@@@
@@@[2026/06/11 10:41:04.000][정보][JCM_RE_RCV1]|XAGENT 정산 처리 #1 : 정상 ( 1418 건 수신/처리 )|@@@
@@@[2026/06/11 10:41:04.000][정보][JCM_RE_RCV2]|XAGENT 정산 처리 #2 : 정상 ( 1748 건 수신/처리 )|@@@
@@@[2026/06/11 10:41:04.000][정보][JCM_RE_RCV3]|XAGENT 정산 처리 #3 : 정상 ( 1594 건 수신/처리 )|@@@
@@@[2026/06/11 10:41:04.000][정보][JCM_RE_RCV4]|XAGENT 정산 처리 #4 : 정상 ( 1484 건 수신/처리 )|@@@
@@@[2026/06/11 10:41:04.000][정보][JCM_RE_RCV5]|XAGENT 정산 처리 #5 : 정상 ( 1698 건 수신/처리 )|@@@
@@@[2026/06/11 10:41:04.000][정보][JCM_RE_RCV6]|XAGENT 정산 처리 #6 : 정상 ( 1476 건 수신/처리 )|@@@
@@@[2026/06/11 10:41:04.000][정보][JCM_RE_RCV7]|XAGENT 정산 처리 #7 : 정상 ( 1443 건 수신/처리 )|@@@
@@@[2026/06/11 10:41:04.000][정보][JCM_RE_RCV8]|XAGENT 정산 처리 #8 : 정상 ( 1632 건 수신/처리 )|@@@
@@@[2026/06/11 10:41:04.000][정보][JCM_RE_RCV9]|XAGENT 정산 처리 #9 : 정상 ( 1566 건 수신/처리 )|@@@
@@@[2026/06/11 10:41:05.000][수치][BATCHK_ERROR_1]|[07:20:12:364] [SACCTMAST] [SACCTMAST]..DATA [613217]건중 [3440]건 상이함.. 처리중 [$3$]건 오류 발생 !!|@@@
@@@[2026/06/11 10:41:05.000][수치][BATCHK_ERROR_2]|[07:20:12:364] [SACCTMAST] [SACCTMAST]..DATA [613217]건중 Wrap[0]건 처리.. 처리중 [$0$]건 오류 발생 !!|@@@
@@@[2026/06/11 10:41:05.000][수치][BATCHK_ERROR_3]|[07:21:14:930] [FACCTMAST] [FACCTMAST]..DATA [9734]건중 [5436]건 상이함.. 처리중 [$234$]건 오류 발생 !!|@@@
@@@[2026/06/11 10:41:05.000][수치][BATCHK_ERROR_4]|[07:23:07:770] [SACCTADJT] [SACCTADJT]..DATA [613215]건중 [2689]건 상이함.. 처리중 [$0$]건 오류 발생 !!|@@@
@@@[2026/06/11 10:41:05.000][수치][BATCHK_ERROR_5]|[07:23:09:370] [FACCTADJT] [FACCTADJT]..DATA [9486]건중 [100]건 상이함.. 처리중 [$7162$]건 오류 발생 !!|@@@
@@@[2026/06/11 10:41:05.000][수치][BATCHK_ERROR_6]|[07:24:20:528] [SJANGMAST] [SJANGMAST]..DATA [710573]건중 [461]건 상이함.. 처리중 [$0$]건 오류 발생 !!|@@@
@@@[2026/06/11 10:41:05.000][수치][BATCHK_ERROR_7]|[07:24:20:602] [FJANGMAST] [FJANGMAST]..DATA [526]건중 [0]건 상이함.. 처리중 [$0$]건 오류 발생 !!|@@@