# ================================================================
# [axistuja-자동주문] 서버 점검 로그
# 수집일: 2026/05/28
# LOG_ID 표준화 적용 버전 (기존 LOG_ID 규칙 위반 수정)
#
# [LOG_ID 변경 이력]
#   생성일자        -> DATE_CONF_GEN
#   DISK 사용률     -> DISK_USAGE
#   현물 주체 N     -> SPOT_SUBJ_N
#   파생 주체 1     -> DERV_SUBJ_1
#   계좌정보   1    -> ACCT_INFO_1
#   실시간정산 N    -> REALTIME_SETTLE_N
#   MOM_RV수        -> MOM_RV_CNT
#   az_pro_nm       -> PROC_AZ
#   ao_mp_pro_nm    -> PROC_AO_MP
#   ao_jn_pro_nm    -> PROC_AO_JN
#   ao_tr_pro_nm    -> PROC_AO_TR
#   batchk체크      -> BATCHK_CHECK
#   주문체결파일갯수 -> ORDER_FILE_CNT
#   XAGENT 파생 처리 -> XAGENT_DERV
#   XAGENT 계좌 처리 -> XAGENT_ACCT
#   SACCTMAST처리내역 -> DB_SACCTMAST
#   FACCTMAST처리내역 -> DB_FACCTMAST
#   SACCTADJT처리내역 -> DB_SACCTADJT
#   FACCTADJT처리내역 -> DB_FACCTADJT
#   SJANGMAST처리내역 -> DB_SJANGMAST
#   FJANGMAST처리내역 -> DB_FJANGMAST
#   IICLEAR_END FILE  -> FILE_IICLEAR_END
#
# 시나리오: 정상 케이스 + 에러/경고/미분석 케이스 혼합
# ================================================================

[2026/05/28 13:00:55.001] INFO  axistuja 자동주문 시스템 점검 시작
[2026/05/28 13:00:58.100] INFO  설정 파일 로드 중...
@@@[2026/05/28 13:01:01.123][정보][JCM_CONF]|JCM_CONF=/home/axistuja/cfg/jcm.cfg|@@@
[2026/05/28 13:01:01.200] INFO  JCM 설정 파일 확인 완료.

[2026/05/28 13:01:02.000] INFO  설정 파일 생성일자 확인 중...
@@@[2026/05/28 13:01:02.456][날짜][DATE_CONF_GEN]|생성일자=2026/05/28 09:00:00|@@@
[2026/05/28 13:01:02.500] INFO  설정파일 생성일자 오늘 날짜 일치 확인 완료.

[2026/05/28 13:01:03.000] INFO  MCAST 상태 확인...
@@@[2026/05/28 13:01:03.789][정보][MCAST]|MCAST [ ON ]|@@@
[2026/05/28 13:01:03.800] INFO  MCAST 상태 정상.

[2026/05/28 13:01:05.000] INFO  batchk 파일 존재 여부 확인 중...
@@@[2026/05/28 13:01:05.321][정보][BATCHK_CHECK]|/home/axistuja/log/DBlog/batchk.0528 체크 완료|@@@
[2026/05/28 13:01:05.400] INFO  batchk 파일 정상 확인.

[2026/05/28 13:01:07.000] INFO  디스크 사용률 점검 중...
@@@[2026/05/28 13:01:07.111][수치][DISK_USAGE]|DISK 사용률|$41$@@@
[2026/05/28 13:01:07.200] INFO  디스크 사용률 정상 (41%).

[2026/05/28 13:01:09.000] INFO  프로세스 개수 점검 중...
@@@[2026/05/28 13:01:09.222][수치][PROC_AZ]|az_pro_nm PROCESS 갯수|$3$@@@
@@@[2026/05/28 13:01:09.333][수치][PROC_AO_MP]|ao_mp_pro_nm PROCESS 갯수|$3$@@@
@@@[2026/05/28 13:01:09.444][수치][PROC_AO_JN]|ao_jn_pro_nm PROCESS 갯수|$1$@@@
@@@[2026/05/28 13:01:09.555][수치][PROC_AO_TR]|ao_tr_pro_nm PROCESS 갯수|$4$@@@
[2026/05/28 13:01:09.600] INFO  프로세스 개수 정상.

[2026/05/28 13:01:10.000] INFO  최소 프로세스 수 점검...
@@@[2026/05/28 13:01:10.123][수치][PROC_MIN]|전체 운영 프로세스 수|$15$@@@

[2026/05/28 13:01:11.000] INFO  MOM_RV 수신 건수 확인 중...
@@@[2026/05/28 13:01:11.777][수치][MOM_RV_CNT]|MOM_RV 수|$5$@@@
[2026/05/28 13:01:11.800] INFO  MOM_RV 수신 정상.

[2026/05/28 13:01:12.000] INFO  SIGNAL_SHUTDOWN 프로세스 확인...
@@@[2026/05/28 13:01:12.321][수치][SIGNAL_SHUTDOWN]|CHECK >> Signal Proc shutdown : 갯수|$1$@@@
[2026/05/28 13:01:12.400] INFO  SIGNAL_SHUTDOWN 정상 (1개).

[2026/05/28 13:01:13.000] INFO  현물 주체별 수신량 점검 중...
@@@[2026/05/28 13:01:13.100][수치][SPOT_SUBJ_1]|현물 주/체 1: 수신|$1$@@@
@@@[2026/05/28 13:01:13.200][수치][SPOT_SUBJ_2]|현물 주/체 2: 수신|$2414$@@@
@@@[2026/05/28 13:01:13.300][수치][SPOT_SUBJ_3]|현물 주/체 3: 수신|$1196$@@@
@@@[2026/05/28 13:01:13.400][수치][SPOT_SUBJ_4]|현물 주/체 4: 수신|$1$@@@
@@@[2026/05/28 13:01:13.500][수치][SPOT_SUBJ_5]|현물 주/체 5: 수신|$1$@@@
@@@[2026/05/28 13:01:13.600][수치][SPOT_SUBJ_6]|현물 주/체 6: 수신|$15$@@@
@@@[2026/05/28 13:01:13.700][정보][SPOT_SUBJ_7]|현물 주/체 7: 수신 (비활성)|$0$@@@
@@@[2026/05/28 13:01:13.800][정보][SPOT_SUBJ_8]|현물 주/체 8: 수신 (비활성)|$0$@@@
@@@[2026/05/28 13:01:13.900][정보][SPOT_SUBJ_9]|현물 주/체 9: 수신 (비활성)|$0$@@@
@@@[2026/05/28 13:01:14.000][수치][SPOT_SUBJ_0]|현물 주/체 0 합산: 수신|$2420$@@@
[2026/05/28 13:01:14.100] INFO  현물 주체 수신량 점검 완료.

[2026/05/28 13:01:15.000] INFO  파생 주체 수신량 점검 중...
@@@[2026/05/28 13:01:15.111][정보][DERV_SUBJ_1]|파생 주/체 1: 수신 (장외 시간)|$0$@@@
[2026/05/28 13:01:15.200] INFO  파생 주체 비활성 시간대 - 정보 저장.

[2026/05/28 13:01:16.000] INFO  계좌정보 수신량 점검 중...
@@@[2026/05/28 13:01:16.321][수치][ACCT_INFO_1]|계좌정보 1: 수신|$91$@@@
[2026/05/28 13:01:16.400] INFO  계좌정보 수신량 정상.

[2026/05/28 13:01:17.000] INFO  실시간정산 채널별 수신량 점검 중...
@@@[2026/05/28 13:01:17.100][수치][REALTIME_SETTLE_1]|실시간정산 1: 수신|$4091$@@@
@@@[2026/05/28 13:01:17.200][수치][REALTIME_SETTLE_2]|실시간정산 2: 수신|$3422$@@@
@@@[2026/05/28 13:01:17.300][수치][REALTIME_SETTLE_3]|실시간정산 3: 수신|$4747$@@@
@@@[2026/05/28 13:01:17.400][수치][REALTIME_SETTLE_4]|실시간정산 4: 수신|$2775$@@@
@@@[2026/05/28 13:01:17.500][수치][REALTIME_SETTLE_5]|실시간정산 5: 수신|$6679$@@@
@@@[2026/05/28 13:01:17.600][수치][REALTIME_SETTLE_6]|실시간정산 6: 수신|$2684$@@@
@@@[2026/05/28 13:01:17.700][수치][REALTIME_SETTLE_7]|실시간정산 7: 수신|$3056$@@@
@@@[2026/05/28 13:01:17.800][수치][REALTIME_SETTLE_8]|실시간정산 8: 수신|$5642$@@@
@@@[2026/05/28 13:01:17.900][수치][REALTIME_SETTLE_9]|실시간정산 9: 수신|$3582$@@@
@@@[2026/05/28 13:01:18.000][수치][REALTIME_SETTLE_0]|실시간정산 0: 수신|$2868$@@@
[2026/05/28 13:01:18.100] INFO  실시간정산 채널 수신량 점검 완료.

[2026/05/28 13:01:19.000] INFO  주문체결 파일 개수 확인...
@@@[2026/05/28 13:01:19.123][수치][ORDER_FILE_CNT]|주문체결 파일 : 정상|$22$@@@
[2026/05/28 13:01:19.200] INFO  주문체결 파일 정상.

[2026/05/28 13:01:20.000] INFO  XAGENT 처리 현황 점검 중...
@@@[2026/05/28 13:01:20.321][정보][XAGENT_DERV]|XAGENT 파생 처리 : 장외시간 비활성|$0$@@@
@@@[2026/05/28 13:01:20.432][수치][XAGENT_ACCT]|XAGENT 계좌 처리 : 정상|$91$@@@
[2026/05/28 13:01:20.500] INFO  XAGENT 처리 점검 완료.

[2026/05/28 13:01:21.000] INFO  DB 처리 내역 오류 건수 확인 중...
@@@[2026/05/28 13:01:21.100][수치][DB_SACCTMAST]|[07:18:31:582] [SACCTMAST] [SACCTMAST]..DATA 오류 발생|$0$@@@
@@@[2026/05/28 13:01:21.200][수치][DB_FACCTMAST]|[09:32:37:886] [FACCTMAST] [FACCTMAST]..DATA 오류 발생|$0$@@@
@@@[2026/05/28 13:01:21.300][수치][DB_SACCTADJT]|[09:34:53:237] [SACCTADJT] [SACCTADJT]..DATA 오류 발생|$0$@@@
@@@[2026/05/28 13:01:21.400][수치][DB_FACCTADJT]|[09:34:55:193] [FACCTADJT] [FACCTADJT]..DATA 오류 발생|$0$@@@
@@@[2026/05/28 13:01:21.500][수치][DB_SJANGMAST]|[09:37:59:721] [SJANGMAST] [SJANGMAST]..DATA 오류 발생|$0$@@@
@@@[2026/05/28 13:01:21.600][수치][DB_FJANGMAST]|[09:38:02:065] [FJANGMAST] [FJANGMAST]..DATA 오류 발생|$0$@@@
[2026/05/28 13:01:21.700] INFO  DB 처리 오류 없음.

[2026/05/28 13:01:22.000] INFO  IICLEAR_END 파일 존재 여부 확인... (정상 케이스: 로그 없음)
[2026/05/28 13:01:22.100] INFO  IICLEAR_END 파일 정상 존재 확인.

[2026/05/28 13:01:23.000] INFO  MCAST 플래그 점검...
@@@[2026/05/28 13:01:23.321][수치][MCAST_FLAG]|MCAST 활성화 여부 (1=활성)|$1$@@@

[2026/05/28 13:01:24.000] INFO  세션 수 점검...
@@@[2026/05/28 13:01:24.456][수치][SESSION_CNT]|현재 활성 세션 수|$12$@@@

[2026/05/28 13:01:25.000] INFO  DB 접속 상태 점검...
@@@[2026/05/28 13:01:25.789][문구][DB_CONN_STATUS]|Altibase connected successfully - 192.168.1.100:20300|@@@

[2026/05/28 13:01:26.000] INFO  시스템 상태 문구 점검...
@@@[2026/05/28 13:01:26.123][문구][SYS_MSG]|자동주문 시스템 정상 운영 중 - 모든 서비스 OK|@@@

[2026/05/28 13:01:27.000] INFO  배치 날짜 확인...
@@@[2026/05/28 13:01:27.456][날짜][DATE_BATCH]|배치 실행일자 [2026/05/28] 확인|@@@

[2026/05/28 13:01:28.000] INFO  큐 사이즈 점검...
@@@[2026/05/28 13:01:28.789][수치][QUEUE_SIZE]|주문 처리 큐 대기 건수|$7500$@@@

[2026/05/28 13:01:29.000] INFO  일일 Dashboard 정보 저장 중...
@@@[2026/05/28 13:01:29.111][정보][DAILY_SUMMARY]|2026/05/28 axistuja 자동주문 일일 점검 완료 - 정상|@@@
@@@[2026/05/28 13:01:29.222][정보][TRADE_VOLUME]|당일 자동주문 처리량: 주식 2420건, 파생 0건|@@@

[2026/05/28 13:01:30.000] INFO  === 오전 점검 완료 ===

# ----------------------------------------------------------------
# [에러/경고 케이스 - 오후 장중 점검]
# ----------------------------------------------------------------

[2026/05/28 15:30:00.000] INFO  오후 장중 점검 시작...

[2026/05/28 15:30:02.000] INFO  디스크 사용률 재점검...
@@@[2026/05/28 15:30:02.111][수치][DISK_USAGE]|DISK 사용률|$82$@@@
[2026/05/28 15:30:02.300] WARN  디스크 사용률 임계치 근접! (82%, 임계치 85%, 경고구간 68~85%)

[2026/05/28 15:30:05.000] INFO  프로세스 개수 재점검...
@@@[2026/05/28 15:30:05.222][수치][PROC_AZ]|az_pro_nm PROCESS 갯수|$2$@@@
[2026/05/28 15:30:05.400] ERROR az 프로세스 수 임계치 미달! (2개, 임계치 3개)
@@@[2026/05/28 15:30:05.333][수치][PROC_AO_MP]|ao_mp_pro_nm PROCESS 갯수|$3$@@@
@@@[2026/05/28 15:30:05.444][수치][PROC_AO_JN]|ao_jn_pro_nm PROCESS 갯수|$0$@@@
[2026/05/28 15:30:05.500] ERROR ao_jn 프로세스 없음! 비정상 상태!
@@@[2026/05/28 15:30:05.555][수치][PROC_AO_TR]|ao_tr_pro_nm PROCESS 갯수|$4$@@@

[2026/05/28 15:30:08.000] INFO  현물 주체 수신량 재점검...
@@@[2026/05/28 15:30:08.100][수치][SPOT_SUBJ_0]|현물 주/체 0 합산: 수신|$1500$@@@
[2026/05/28 15:30:08.200] WARN  SPOT_SUBJ_0 임계치 근접 (1500, 임계치 2000, 경고구간 1600~2000)
@@@[2026/05/28 15:30:08.300][수치][SPOT_SUBJ_2]|현물 주/체 2: 수신|$1800$@@@
[2026/05/28 15:30:08.400] WARN  SPOT_SUBJ_2 임계치 근접 (1800, 임계치 2000, 경고구간 1600~2000)
@@@[2026/05/28 15:30:08.500][수치][SPOT_SUBJ_3]|현물 주/체 3: 수신|$800$@@@
[2026/05/28 15:30:08.600] WARN  SPOT_SUBJ_3 임계치 근접 (800, 임계치 1000, 경고구간 800~1000)

[2026/05/28 15:30:10.000] INFO  실시간정산 채널 재점검...
@@@[2026/05/28 15:30:10.100][수치][REALTIME_SETTLE_1]|실시간정산 1: 수신|$1500$@@@
[2026/05/28 15:30:10.200] WARN  REALTIME_SETTLE_1 임계치 근접 (1500, 임계치 3000, 경고구간 2100~3000)
@@@[2026/05/28 15:30:10.300][수치][REALTIME_SETTLE_2]|실시간정산 2: 수신|$500$@@@
[2026/05/28 15:30:10.400] ERROR REALTIME_SETTLE_2 임계치 미달! (500, 임계치 3000)
@@@[2026/05/28 15:30:10.500][수치][REALTIME_SETTLE_5]|실시간정산 5: 수신|$4200$@@@
[2026/05/28 15:30:10.600] WARN  REALTIME_SETTLE_5 임계치 근접 (4200, 임계치 5000, 경고구간 4000~5000)

[2026/05/28 15:30:12.000] ERROR DB 처리 오류 발생!
@@@[2026/05/28 15:30:12.100][수치][DB_SACCTMAST]|[15:29:55:001] [SACCTMAST] [SACCTMAST]..DATA 오류 발생|$3$@@@
[2026/05/28 15:30:12.200] ERROR SACCTMAST 오류 3건 발생!
@@@[2026/05/28 15:30:12.300][수치][DB_FACCTMAST]|[15:29:58:234] [FACCTMAST] [FACCTMAST]..DATA 오류 발생|$236$@@@
[2026/05/28 15:30:12.400] ERROR FACCTMAST 오류 236건 발생!
@@@[2026/05/28 15:30:12.500][수치][DB_FACCTADJT]|[15:30:01:567] [FACCTADJT] [FACCTADJT]..DATA 오류 발생|$7164$@@@
[2026/05/28 15:30:12.600] ERROR FACCTADJT 오류 7164건 발생!

[2026/05/28 15:30:14.000] ERROR IICLEAR_END 파일 부재 감지!
@@@[2026/05/28 15:30:14.123][존재][FILE_IICLEAR_END]|IICLEAR_END FILE이 없습니다.|@@@
[2026/05/28 15:30:14.200] ERROR 정산 완료 파일 없음 - 운영자 즉시 확인 필요

[2026/05/28 15:30:16.000] WARN  PID 락 파일 없음!
@@@[2026/05/28 15:30:16.456][존재][FILE_PIDLOCK]|ao_mp.pid 락 파일이 없습니다.|@@@
[2026/05/28 15:30:16.600] ERROR PID 락 파일 부재 - 프로세스 비정상 종료 의심

[2026/05/28 15:30:18.000] ERROR 공유메모리 부재 감지!
@@@[2026/05/28 15:30:18.789][존재][SHM_CHECK]|공유메모리 세그먼트 없음 - shmid 미존재|@@@

[2026/05/28 15:30:20.000] ERROR DB 접속 오류 발생!
@@@[2026/05/28 15:30:20.111][문구][DB_CONN_STATUS]|Altibase error: Connection failed to 192.168.1.100:20300 - timeout|@@@

[2026/05/28 15:30:22.000] ERROR 시스템 오류!
@@@[2026/05/28 15:30:22.222][문구][SYS_MSG]|자동주문 처리 실패 - ERROR code:5001 오류 발생|@@@

[2026/05/28 15:30:24.000] INFO  배치 날짜 재확인...
@@@[2026/05/28 15:30:24.333][날짜][DATE_BATCH]|배치 실행일자 [2026/05/27] 확인|@@@
[2026/05/28 15:30:24.400] ERROR 배치 날짜 불일치!

[2026/05/28 15:30:26.000] INFO  설정파일 생성일자 재확인...
@@@[2026/05/28 15:30:26.555][날짜][DATE_CONF_GEN]|생성일자=2026/04/15 18:00:00|@@@
[2026/05/28 15:30:26.600] WARN  설정파일이 오래된 날짜로 설정됨!

[2026/05/28 15:30:28.000] INFO  MOM_RV 수신 재점검...
@@@[2026/05/28 15:30:28.777][수치][MOM_RV_CNT]|MOM_RV 수|$0$@@@
[2026/05/28 15:30:28.888] ERROR MOM_RV 수신 없음!

[2026/05/28 15:30:30.000] WARN  SIGNAL_SHUTDOWN 비정상!
@@@[2026/05/28 15:30:30.111][수치][SIGNAL_SHUTDOWN]|CHECK >> Signal Proc shutdown : 갯수|$3$@@@
[2026/05/28 15:30:30.200] ERROR 비정상 종료 프로세스 3개 감지!

[2026/05/28 15:30:32.000] INFO  계좌정보 수신량 재점검...
@@@[2026/05/28 15:30:32.321][수치][ACCT_INFO_1]|계좌정보 1: 수신|$30$@@@
[2026/05/28 15:30:32.400] WARN  계좌정보 수신량 임계치 근접 (30, 임계치 50, 경고구간 35~50)

[2026/05/28 15:30:34.000] INFO  XAGENT 계좌 처리 재점검...
@@@[2026/05/28 15:30:34.456][수치][XAGENT_ACCT]|XAGENT 계좌 처리 : 비정상|$20$@@@
[2026/05/28 15:30:34.600] WARN  XAGENT_ACCT 임계치 근접 (20, 임계치 50, 경고구간 35~50)

[2026/05/28 15:30:36.000] INFO  주문체결 파일 수 재점검...
@@@[2026/05/28 15:30:36.789][수치][ORDER_FILE_CNT]|주문체결 파일 : 비정상|$10$@@@
[2026/05/28 15:30:36.888] ERROR 주문체결 파일 수 임계치 미달! (10개, 임계치 20개)

[2026/05/28 15:30:38.000] INFO  === 오후 장중 점검 완료 ===

# ----------------------------------------------------------------
# [미분석 케이스 - 정책 미등록 LOG_ID]
# ----------------------------------------------------------------

[2026/05/28 18:00:00.000] INFO  야간 점검 시작...
@@@[2026/05/28 18:00:05.111][수치][NET_LATENCY]|평균 네트워크 지연 시간(ms)|$12$@@@
@@@[2026/05/28 18:00:05.222][문구][BATCH_COMPLETE]|야간 배치 처리 완료 - 오류 없음|@@@
@@@[2026/05/28 18:00:05.333][정보][ORDER_SUMMARY]|당일 주문 요약: 접수 3850건, 체결 3820건, 취소 30건|@@@
@@@[2026/05/28 18:00:05.444][수치][MARGIN_RATE]|현재 증거금 비율|$150.5$@@@
[2026/05/28 18:00:06.000] INFO  야간 점검 완료.

# DISK_HOME: 기존 DISK_USAGE를 DISK_HOME으로 통일 (Dashboard 리소스 도넛차트용)
@@@[2026/06/02 13:00:58.100][수치][DISK_HOME]|home 파티션 디스크 사용률(%)|$41$@@@
# AUTO_ORDER_ACNT: Dashboard 서비스 현황 표시용 (신규)
@@@[2026/06/02 13:01:06.100][수치][AUTO_ORDER_ACNT]|서버자동주문 등록 계좌수|$2341$@@@