# ================================================================
# [pqgetap1-시세포착1] 시세포착 서버1 점검 로그
# 수집일: 2026/06/02
# 수집 파일: /tmp/monitoring_cap1.out
#
# Dashboard 연동 LOG_ID:
#   CAP_REG_COUNT : 시세포착1 서버 등록 수 (정보형)
#                   → Dashboard 3번 서비스 현황 표시용
# ================================================================

[2026/06/02 09:00:00.000] INFO  pqgetap1 시세포착1 서버 점검 시작
[2026/06/02 09:00:01.100] INFO  서버 상태 확인 중...

[2026/06/02 09:00:02.000] INFO  시세포착1 등록 현황 집계 중...
@@@[2026/06/02 09:00:02.321][수치][CAP_REG_COUNT]|시세포착1 서버 등록 수|$1872$@@@
[2026/06/02 09:00:02.400] INFO  시세포착1 등록 수 집계 완료 (1872건).

[2026/06/02 09:00:03.000] INFO  home 디스크 사용률 점검...
@@@[2026/06/02 09:00:03.100][수치][DISK_HOME]|home 파티션 디스크 사용률(%)|$55$@@@
[2026/06/02 09:00:03.200] INFO  디스크 사용률 정상 (55%).

[2026/06/02 09:00:04.000] INFO  DB 접속 상태 점검...
@@@[2026/06/02 09:00:04.456][문구][DB_CONN_STATUS]|Altibase connected successfully - 192.168.1.100:20300|@@@
[2026/06/02 09:00:04.500] INFO  DB 접속 정상.

[2026/06/02 09:00:05.000] INFO  === 오전 점검 완료 ===

# ----------------------------------------------------------------
# [오후 주기 수집 - 등록수 갱신]
# ----------------------------------------------------------------

[2026/06/02 14:00:00.000] INFO  오후 주기 점검 시작...

[2026/06/02 14:00:01.000] INFO  시세포착1 등록 현황 재집계 중...
@@@[2026/06/02 14:00:01.321][수치][CAP_REG_COUNT]|시세포착1 서버 등록 수|$1905$@@@
[2026/06/02 14:00:01.400] INFO  시세포착1 등록 수 갱신 완료 (1905건, +33건 증가).

[2026/06/02 14:00:02.000] INFO  home 디스크 사용률 재점검...
@@@[2026/06/02 14:00:02.100][수치][DISK_HOME]|home 파티션 디스크 사용률(%)|$58$@@@
[2026/06/02 14:00:02.200] INFO  디스크 사용률 정상 (58%).

[2026/06/02 14:00:03.000] INFO  === 오후 점검 완료 ===
