# ================================================================
# [pqgetap2-시세포착2] 시세포착 서버2 점검 로그
# 수집일: 2026/06/11
# 수집 파일: /tmp/monitoring_cap2.out
#
# Dashboard 연동 LOG_ID:
#   CAP2_REG_COUNT : 시세포착2 서버 등록 수 (정보형)
#                    → Dashboard 3번 서비스 현황 표시용
# ================================================================

[2026/06/11 09:00:00.000] INFO  pqgetap2 시세포착2 서버 점검 시작
[2026/06/11 09:00:01.100] INFO  서버 상태 확인 중...

[2026/06/11 09:00:02.000] INFO  시세포착2 등록 현황 집계 중...
@@@[2026/06/11 09:00:02.321][수치][CAP2_REG_COUNT]|시세포착2 서버 등록 수|$1650$@@@
[2026/06/11 09:00:02.400] INFO  시세포착2 등록 수 집계 완료 (1650건).

[2026/06/11 09:00:03.000] INFO  home 디스크 사용률 점검...
@@@[2026/06/11 09:00:03.100][수치][DISK_HOME]|home 파티션 디스크 사용률(%)|$48$@@@
[2026/06/11 09:00:03.200] INFO  디스크 사용률 정상 (48%).

[2026/06/11 09:00:04.000] INFO  DB 접속 상태 점검...
@@@[2026/06/11 09:00:04.456][문구][DB_CONN_STATUS]|Altibase connected successfully - 192.168.1.101:20300|@@@
[2026/06/11 09:00:04.500] INFO  DB 접속 정상.

[2026/06/11 09:00:05.000] INFO  === 오전 점검 완료 ===

# ----------------------------------------------------------------
# [오후 주기 수집 - 등록수 갱신]
# ----------------------------------------------------------------

[2026/06/11 14:00:00.000] INFO  오후 주기 점검 시작...

[2026/06/11 14:00:01.000] INFO  시세포착2 등록 현황 재집계 중...
@@@[2026/06/11 14:00:01.321][수치][CAP2_REG_COUNT]|시세포착2 서버 등록 수|$1683$@@@
[2026/06/11 14:00:01.400] INFO  시세포착2 등록 수 갱신 완료 (1683건, +33건 증가).

[2026/06/11 14:00:02.000] INFO  home 디스크 사용률 재점검...
@@@[2026/06/11 14:00:02.100][수치][DISK_HOME]|home 파티션 디스크 사용률(%)|$51$@@@
[2026/06/11 14:00:02.200] INFO  디스크 사용률 정상 (51%).

[2026/06/11 14:00:03.000] INFO  === 오후 점검 완료 ===
