# ================================================================
# [pmaster2-마스터] 마스터 서버 점검 로그
# 수집일: 2026/06/02
# 수집 파일: /tmp/monitoring_master.out
#
# Dashboard 연동 LOG_ID:
#   MAX_CONN_PREV  : 전일 전체 최대 동시접속 수 (정보형)
#   HTS_MAX_CONN   : 전일 HTS 최대 동시접속 수 (정보형)
#   MTS_MAX_CONN   : 전일 MTS 최대 동시접속 수 (정보형)
#                    → Dashboard 3번 접속자 현황 표시용 (전일 기준)
#
# 수집 시점: 매일 오전 09:00 배치 (전일 접속자 통계가 확정된 시점)
# ================================================================

[2026/06/02 09:00:00.000] INFO  pmaster2 마스터 서버 점검 시작
[2026/06/02 09:00:01.100] INFO  전일(2026/06/01) 접속자 통계 집계 중...

[2026/06/02 09:00:02.000] INFO  전일 전체 최대 동시접속 수 집계 중...
@@@[2026/06/02 09:00:02.111][수치][MAX_CONN_PREV]|전일(2026/06/01) 전체 최대 동시접속 수|$18432$@@@
[2026/06/02 09:00:02.200] INFO  전일 전체 최대 동시접속 수 집계 완료 (18,432명).

[2026/06/02 09:00:03.000] INFO  전일 HTS 최대 동시접속 수 집계 중...
@@@[2026/06/02 09:00:03.222][수치][HTS_MAX_CONN]|전일(2026/06/01) HTS 최대 동시접속 수|$12104$@@@
[2026/06/02 09:00:03.300] INFO  전일 HTS 최대 동시접속 수 집계 완료 (12,104명).

[2026/06/02 09:00:04.000] INFO  전일 MTS 최대 동시접속 수 집계 중...
@@@[2026/06/02 09:00:04.333][수치][MTS_MAX_CONN]|전일(2026/06/01) MTS 최대 동시접속 수|$6328$@@@
[2026/06/02 09:00:04.400] INFO  전일 MTS 최대 동시접속 수 집계 완료 (6,328명).

[2026/06/02 09:00:05.000] INFO  home 디스크 사용률 점검...
@@@[2026/06/02 09:00:05.100][수치][DISK_HOME]|home 파티션 디스크 사용률(%)|$38$@@@
[2026/06/02 09:00:05.200] INFO  디스크 사용률 정상 (38%).

[2026/06/02 09:00:06.000] INFO  DB 접속 상태 점검...
@@@[2026/06/02 09:00:06.456][문구][DB_CONN_STATUS]|Altibase connected successfully - 192.168.1.200:20300|@@@
[2026/06/02 09:00:06.500] INFO  DB 접속 정상.

[2026/06/02 09:00:07.000] INFO  === 마스터 서버 점검 완료 ===
