=== 모니터링 수집 시작: 2026-06-12 16:00:09 ===
@@@[2026/06/12 16:00:09.000][비교][JUCHE_DIFF_1]|JCNEXT_SHMKEY=0xc0002212|@@@
@@@[2026/06/12 16:00:09.000][비교][JUCHE_DIFF_2]|JCM_CONF=/home/axistuja/cfg/jcm.cfg|@@@
@@@[2026/06/12 16:00:09.000][비교][JUCHE_DIFF_3]|[fb0db000]|@@@
@@@[2026/06/12 16:00:09.000][비교][JUCHE_DIFF_4]|생성일자=2026/02/20 18:01:21|@@@
@@@[2026/06/12 16:00:09.000][비교][JUCHE_DIFF_5]|==================================================================|@@@
@@@[2026/06/12 16:00:09.000][비교][JUCHE_DIFF_6]|MCAST [ OFF ]|@@@
@@@[2026/06/12 16:00:09.000][비교][JUCHE_DIFF_7]|------------------------------------------------------------------|@@@
@@@[2026/06/12 16:00:09.000][비교][JUCHE_DIFF_8]|현물 주/체 #1: 수신 [ $2$ ] B[ 0] 처리[ 2]|@@@
@@@[2026/06/12 16:00:09.000][비교][JUCHE_DIFF_9]|현물 주/체 #2: 수신 [ $33$ ] B[ 0] 처리[ 33]|@@@
@@@[2026/06/12 16:00:09.000][비교][JUCHE_DIFF_10]|현물 주/체 #3: 수신 [ $0$ ] B[ 0] 처리[ 0]|@@@
@@@[2026/06/12 16:00:09.000][비교][JUCHE_DIFF_11]|현물 주/체 #4: 수신 [ $14$ ] B[ 0] 처리[ 14]|@@@
@@@[2026/06/12 16:00:09.000][비교][JUCHE_DIFF_12]|현물 주/체 #5: 수신 [ $2$ ] B[ 0] 처리[ 2]|@@@
@@@[2026/06/12 16:00:09.000][비교][JUCHE_DIFF_13]|현물 주/체 #6: 수신 [ $1$ ] B[ 0] 처리[ 1]|@@@
@@@[2026/06/12 16:00:09.000][비교][JUCHE_DIFF_14]|현물 주/체 #7: 수신 [ $8$ ] B[ 0] 처리[ 8]|@@@
@@@[2026/06/12 16:00:09.000][비교][JUCHE_DIFF_15]|현물 주/체 #8: 수신 [ $0$ ] B[ 0] 처리[ 0]|@@@
@@@[2026/06/12 16:00:09.000][비교][JUCHE_DIFF_16]|현물 주/체 #9: 수신 [ $2$ ] B[ 0] 처리[ 2]|@@@
@@@[2026/06/12 16:00:09.000][비교][JUCHE_DIFF_17]|현물 주/체 #0: 수신 [ $2$ ] B[ 0] 처리[ 2]|@@@
@@@[2026/06/12 16:00:09.000][비교][JUCHE_DIFF_18]|파생 주/체 #1: 수신 [ $56$ ] B[ 0] 처리[ 56]|@@@
@@@[2026/06/12 16:00:09.000][비교][JUCHE_DIFF_19]|계좌정보 #1: 수신 [ $60$ ] B[ 0] 처리[ 60]|@@@
@@@[2026/06/12 16:00:09.000][비교][JUCHE_DIFF_20]|실시간정산 #1: 수신 [ $1432$ ] B[ 0] 처리[ 1432]|@@@
@@@[2026/06/12 16:00:09.000][비교][JUCHE_DIFF_21]|실시간정산 #2: 수신 [ $1773$ ] B[ 0] 처리[ 1773]|@@@
@@@[2026/06/12 16:00:09.000][비교][JUCHE_DIFF_22]|실시간정산 #3: 수신 [ $1594$ ] B[ 0] 처리[ 1594]|@@@
@@@[2026/06/12 16:00:09.000][비교][JUCHE_DIFF_23]|실시간정산 #4: 수신 [ $1489$ ] B[ 0] 처리[ 1489]|@@@
@@@[2026/06/12 16:00:09.000][비교][JUCHE_DIFF_24]|실시간정산 #5: 수신 [ $1714$ ] B[ 0] 처리[ 1714]|@@@
@@@[2026/06/12 16:00:09.000][비교][JUCHE_DIFF_25]|실시간정산 #6: 수신 [ $1492$ ] B[ 0] 처리[ 1492]|@@@
@@@[2026/06/12 16:00:09.000][비교][JUCHE_DIFF_26]|실시간정산 #7: 수신 [ $1466$ ] B[ 0] 처리[ 1466]|@@@
@@@[2026/06/12 16:00:09.000][비교][JUCHE_DIFF_27]|실시간정산 #8: 수신 [ $1678$ ] B[ 0] 처리[ 1678]|@@@
@@@[2026/06/12 16:00:09.000][비교][JUCHE_DIFF_28]|실시간정산 #9: 수신 [ $1563$ ] B[ 0] 처리[ 1563]|@@@
@@@[2026/06/12 16:00:09.000][비교][JUCHE_DIFF_29]|실시간정산 #0: 수신 [ $1331$ ] B[ 0] 처리[ 1331]|@@@
@@@[2026/06/12 16:00:09.000][비교][JUCHE_DIFF_30]|------------------------------------------------------------------|@@@
@@@[2026/06/12 16:00:09.000][비교][JUCHE_DIFF_31]|[재송정보]|@@@
@@@[2026/06/12 16:00:09.000][비교][JUCHE_DIFF_32]|R 현물 주/체#1: 수신 [ $0$ ] B[ 0] 처리[ 0]|@@@
@@@[2026/06/12 16:00:09.000][비교][JUCHE_DIFF_33]|R 파생 주/체#1: 수신 [ $0$ ] B[ 0] 처리[ 0]|@@@
@@@[2026/06/12 16:00:09.000][비교][JUCHE_DIFF_34]|R 계좌정보 #1: 수신 [ $0$ ] B[ 0] 처리[ 0]|@@@
@@@[2026/06/12 16:00:09.000][비교][JUCHE_DIFF_35]|R 실시간정산#1: 수신 [ $0$ ] B[ 0] 처리[ 0]|@@@
@@@[2026/06/12 16:00:09.000][비교][JUCHE_DIFF_36]|==================================================================|@@@
@@@[2026/06/12 16:00:09.000][수치][JCM_LOAD_1]|JCNEXT_SHMKEY=0xc0002212|@@@
@@@[2026/06/12 16:00:09.000][수치][JCM_LOAD_2]|JCM_CONF=/home/axistuja/cfg/jcm.cfg|@@@
@@@[2026/06/12 16:00:09.000][수치][JCM_LOAD_3]|[8e20000]|@@@
@@@[2026/06/12 16:00:09.000][수치][JCM_LOAD_4]|생성일자=2026/02/20 18:01:21|@@@
@@@[2026/06/12 16:00:09.000][수치][JCM_LOAD_5]|==================================================================|@@@
@@@[2026/06/12 16:00:09.000][수치][JCM_LOAD_6]|MCAST [ OFF ]|@@@
@@@[2026/06/12 16:00:09.000][수치][JCM_LOAD_7]|------------------------------------------------------------------|@@@
@@@[2026/06/12 16:00:09.000][수치][JCM_LOAD_8]|현물 주/체 #1: 수신 [ $2$ ] B[ 0] 처리[ 2]|@@@
@@@[2026/06/12 16:00:09.000][수치][JCM_LOAD_9]|현물 주/체 #2: 수신 [ $33$ ] B[ 0] 처리[ 33]|@@@
@@@[2026/06/12 16:00:09.000][수치][JCM_LOAD_10]|현물 주/체 #3: 수신 [ $0$ ] B[ 0] 처리[ 0]|@@@
@@@[2026/06/12 16:00:09.000][수치][JCM_LOAD_11]|현물 주/체 #4: 수신 [ $14$ ] B[ 0] 처리[ 14]|@@@
@@@[2026/06/12 16:00:09.000][수치][JCM_LOAD_12]|현물 주/체 #5: 수신 [ $2$ ] B[ 0] 처리[ 2]|@@@
@@@[2026/06/12 16:00:09.000][수치][JCM_LOAD_13]|현물 주/체 #6: 수신 [ $1$ ] B[ 0] 처리[ 1]|@@@
@@@[2026/06/12 16:00:09.000][수치][JCM_LOAD_14]|현물 주/체 #7: 수신 [ $8$ ] B[ 0] 처리[ 8]|@@@
@@@[2026/06/12 16:00:09.000][수치][JCM_LOAD_15]|현물 주/체 #8: 수신 [ $0$ ] B[ 0] 처리[ 0]|@@@
@@@[2026/06/12 16:00:09.000][수치][JCM_LOAD_16]|현물 주/체 #9: 수신 [ $2$ ] B[ 0] 처리[ 2]|@@@
@@@[2026/06/12 16:00:09.000][수치][JCM_LOAD_17]|현물 주/체 #0: 수신 [ $2$ ] B[ 0] 처리[ 2]|@@@
@@@[2026/06/12 16:00:09.000][수치][JCM_LOAD_18]|파생 주/체 #1: 수신 [ $56$ ] B[ 0] 처리[ 56]|@@@
@@@[2026/06/12 16:00:09.000][수치][JCM_LOAD_19]|계좌정보 #1: 수신 [ $60$ ] B[ 0] 처리[ 60]|@@@
@@@[2026/06/12 16:00:09.000][수치][JCM_LOAD_20]|실시간정산 #1: 수신 [ $1432$ ] B[ 0] 처리[ 1432]|@@@
@@@[2026/06/12 16:00:10.000][수치][JCM_LOAD_21]|실시간정산 #2: 수신 [ $1773$ ] B[ 0] 처리[ 1773]|@@@
@@@[2026/06/12 16:00:10.000][수치][JCM_LOAD_22]|실시간정산 #3: 수신 [ $1594$ ] B[ 0] 처리[ 1594]|@@@
@@@[2026/06/12 16:00:10.000][수치][JCM_LOAD_23]|실시간정산 #4: 수신 [ $1489$ ] B[ 0] 처리[ 1489]|@@@
@@@[2026/06/12 16:00:10.000][수치][JCM_LOAD_24]|실시간정산 #5: 수신 [ $1714$ ] B[ 0] 처리[ 1714]|@@@
@@@[2026/06/12 16:00:10.000][수치][JCM_LOAD_25]|실시간정산 #6: 수신 [ $1492$ ] B[ 0] 처리[ 1492]|@@@
@@@[2026/06/12 16:00:10.000][수치][JCM_LOAD_26]|실시간정산 #7: 수신 [ $1466$ ] B[ 0] 처리[ 1466]|@@@
@@@[2026/06/12 16:00:10.000][수치][JCM_LOAD_27]|실시간정산 #8: 수신 [ $1678$ ] B[ 0] 처리[ 1678]|@@@
@@@[2026/06/12 16:00:10.000][수치][JCM_LOAD_28]|실시간정산 #9: 수신 [ $1563$ ] B[ 0] 처리[ 1563]|@@@
@@@[2026/06/12 16:00:10.000][수치][JCM_LOAD_29]|실시간정산 #0: 수신 [ $1331$ ] B[ 0] 처리[ 1331]|@@@
@@@[2026/06/12 16:00:10.000][수치][JCM_LOAD_30]|------------------------------------------------------------------|@@@
@@@[2026/06/12 16:00:10.000][수치][JCM_LOAD_31]|[재송정보]|@@@
@@@[2026/06/12 16:00:10.000][수치][JCM_LOAD_32]|R 현물 주/체#1: 수신 [ $0$ ] B[ 0] 처리[ 0]|@@@
@@@[2026/06/12 16:00:10.000][수치][JCM_LOAD_33]|R 파생 주/체#1: 수신 [ $0$ ] B[ 0] 처리[ 0]|@@@
@@@[2026/06/12 16:00:10.000][수치][JCM_LOAD_34]|R 계좌정보 #1: 수신 [ $0$ ] B[ 0] 처리[ 0]|@@@
@@@[2026/06/12 16:00:10.000][수치][JCM_LOAD_35]|R 실시간정산#1: 수신 [ $0$ ] B[ 0] 처리[ 0]|@@@
@@@[2026/06/12 16:00:10.000][수치][JCM_LOAD_36]|==================================================================|@@@
@@@[2026/06/12 16:00:10.000][수치][JCM_DISK]|/dev/mapper/datavg-home 524236800 233441452 290795348 $45$% /home|@@@
@@@[2026/06/12 16:00:10.000][수치][JCM_PROC_AZ]|AZ_ 프로세스 구동 개수: $3$ 건|@@@
@@@[2026/06/12 16:00:10.000][수치][JCM_PROC_AO_MP]|AO_MP 프로세스 구동 개수: $1$ 건|@@@
@@@[2026/06/12 16:00:10.000][수치][JCM_PROC_AO_JN]|AO_JN 프로세스 구동 개수: $4$ 건|@@@
@@@[2026/06/12 16:00:10.000][수치][JCM_PROC_AO_TR]|AO_TR 프로세스 구동 개수: $4$ 건|@@@
@@@[2026/06/12 16:00:10.000][시간][JCM_MOM_RV_TIME]|PID[1897551] STIME[$09:54$] CMD:/home/axistuja/bin/mom_rvdata|@@@
@@@[2026/06/12 16:00:10.000][시간][JCM_MOM_RV_TIME]|PID[1897552] STIME[$09:54$] CMD:/home/axistuja/bin/mom_rvdata|@@@
@@@[2026/06/12 16:00:10.000][시간][JCM_MOM_RV_TIME]|PID[1897553] STIME[$09:54$] CMD:/home/axistuja/bin/mom_rvdata|@@@
@@@[2026/06/12 16:00:10.000][시간][JCM_MOM_RV_TIME]|PID[1897554] STIME[$09:54$] CMD:/home/axistuja/bin/mom_rvdata|@@@
@@@[2026/06/12 16:00:10.000][시간][JCM_DBR_TIME]|PID[1896859] STIME[$09:54$] CMD:/home/axistuja/bin/dbr_Rvmmdb|@@@
@@@[2026/06/12 16:00:10.000][시간][JCM_DBR_TIME]|PID[1896860] STIME[$09:54$] CMD:/home/axistuja/bin/dbr_Rvmmdb|@@@
@@@[2026/06/12 16:00:10.000][시간][JCM_DBR_TIME]|PID[1896861] STIME[$09:54$] CMD:/home/axistuja/bin/dbr_Rvmmdb|@@@
@@@[2026/06/12 16:00:10.000][시간][JCM_DBR_TIME]|PID[1896862] STIME[$09:54$] CMD:/home/axistuja/bin/dbr_Rvmmdb|@@@
@@@[2026/06/12 16:00:10.000][시간][JCM_DBR_TIME]|PID[1896863] STIME[$09:54$] CMD:/home/axistuja/bin/dbr_Rvmmdb|@@@
@@@[2026/06/12 16:00:10.000][시간][JCM_DBR_TIME]|PID[1896864] STIME[$09:54$] CMD:/home/axistuja/bin/dbr_Rvmmdb|@@@
@@@[2026/06/12 16:00:10.000][시간][JCM_DBR_TIME]|PID[1896866] STIME[$09:54$] CMD:/home/axistuja/bin/dbr_Rvmmdb|@@@
@@@[2026/06/12 16:00:10.000][시간][JCM_DBR_TIME]|PID[1896868] STIME[$09:54$] CMD:/home/axistuja/bin/dbr_Rvmmdb|@@@
@@@[2026/06/12 16:00:10.000][시간][JCM_DBR_TIME]|PID[1896873] STIME[$09:54$] CMD:/home/axistuja/bin/dbr_Rvmmdb|@@@
@@@[2026/06/12 16:00:10.000][시간][JCM_DBR_TIME]|PID[1896875] STIME[$09:54$] CMD:/home/axistuja/bin/dbr_Rvmmdb|@@@
@@@[2026/06/12 16:00:10.000][시간][JCM_DBR_TIME]|PID[1896877] STIME[$09:54$] CMD:/home/axistuja/bin/dbr_Rvmmdb|@@@
@@@[2026/06/12 16:00:10.000][시간][JCM_DBR_TIME]|PID[1896879] STIME[$09:54$] CMD:/home/axistuja/bin/dbr_Rvmmdb|@@@
@@@[2026/06/12 16:00:10.000][시간][JCM_DBR_TIME]|PID[1896882] STIME[$09:54$] CMD:/home/axistuja/bin/dbr_Rvmmdb|@@@
@@@[2026/06/12 16:00:10.000][시간][JCM_DBR_TIME]|PID[1896885] STIME[$09:54$] CMD:/home/axistuja/bin/dbr_Rvmmdb|@@@
@@@[2026/06/12 16:00:10.000][시간][JCM_DBR_TIME]|PID[1896887] STIME[$09:54$] CMD:/home/axistuja/bin/dbr_Rvmmdb|@@@
@@@[2026/06/12 16:00:10.000][시간][JCM_DBR_TIME]|PID[1896889] STIME[$09:54$] CMD:/home/axistuja/bin/dbr_Rvmmdb|@@@
@@@[2026/06/12 16:00:10.000][시간][JCM_DBR_TIME]|PID[1896890] STIME[$09:54$] CMD:/home/axistuja/bin/dbr_Rvmmdb|@@@
@@@[2026/06/12 16:00:10.000][시간][JCM_DBR_TIME]|PID[1896892] STIME[$09:54$] CMD:/home/axistuja/bin/dbr_Rvmmdb|@@@
@@@[2026/06/12 16:00:10.000][시간][JCM_DBR_TIME]|PID[1896894] STIME[$09:54$] CMD:/home/axistuja/bin/dbr_Rvmmdb|@@@
@@@[2026/06/12 16:00:10.000][시간][JCM_DBR_TIME]|PID[1896896] STIME[$09:54$] CMD:/home/axistuja/bin/dbr_Rvmmdb|@@@
@@@[2026/06/12 16:00:10.000][시간][JCM_DBR_TIME]|PID[1896898] STIME[$09:54$] CMD:/home/axistuja/bin/dbr_Rvmmdb|@@@
@@@[2026/06/12 16:00:10.000][시간][JCM_DBR_TIME]|PID[1896899] STIME[$09:54$] CMD:/home/axistuja/bin/dbr_Rvmmdb|@@@
@@@[2026/06/12 16:00:10.000][시간][JCM_IICLEAR]|FILE:/home/mini/IICLEAR_END.0612 TIME:00:10|@@@
@@@[2026/06/12 16:00:10.000][수치][JCM_BAT_SIGNAL]|BATCH_CHK Signal Proc shutdown! $0$ 건|@@@
@@@[2026/06/12 16:00:10.000][수치][JCM_BAT_NORMAL]|BATCH_CHK Normal shutdown! $0$ 건|@@@
@@@[2026/06/12 16:00:10.000][수치][JCM_BACHK_COUNT]|배치 처리 완료 파일 건수 $0$ 건|@@@
@@@[2026/06/12 16:00:10.000][수치][JCM_JNL_COUNT]|*_SAM.TODAY 파일 건수 $22$ 건|@@@
@@@[2026/06/12 16:00:10.000][수치][JCM_JNL_ACT]|ACT_*_SAM.TODAY 파일 건수 $1$ 건|@@@
@@@[2026/06/12 16:00:10.000][수치][JCM_JNL_FOT]|FOT_*_SAM.TODAY 파일 건수 $1$ 건|@@@
@@@[2026/06/12 16:00:10.000][수치][JCM_JNL_STK]|STK_*_SAM.TODAY 파일 건수 $10$ 건|@@@
@@@[2026/06/12 16:00:10.000][수치][JCM_JNL_REL]|REL_*_SAM.TODAY 파일 건수 $10$ 건|@@@
=== 모니터링 수집 종료 ===
=== 모니터링 수집 시작: 2026-06-12 16:15:37 ===
=== 모니터링 수집 종료 ===
=== 모니터링 수집 시작: 2026-06-12 16:15:44 ===
@@@[2026/06/12 16:15:44.000][비교][JUCHE_DIFF_1]|JCNEXT_SHMKEY=0xc0002212|@@@
@@@[2026/06/12 16:15:44.000][비교][JUCHE_DIFF_2]|JCM_CONF=/home/axistuja/cfg/jcm.cfg|@@@
@@@[2026/06/12 16:15:44.000][비교][JUCHE_DIFF_3]|[21abd000]|@@@
@@@[2026/06/12 16:15:44.000][비교][JUCHE_DIFF_4]|생성일자=2026/02/20 18:01:21|@@@
@@@[2026/06/12 16:15:44.000][비교][JUCHE_DIFF_5]|==================================================================|@@@
@@@[2026/06/12 16:15:44.000][비교][JUCHE_DIFF_6]|MCAST [ OFF ]|@@@
@@@[2026/06/12 16:15:44.000][비교][JUCHE_DIFF_7]|------------------------------------------------------------------|@@@
@@@[2026/06/12 16:15:44.000][비교][JUCHE_DIFF_8]|현물 주/체 #1: 수신 [ $2$ ] B[ 0] 처리[ 2]|@@@
@@@[2026/06/12 16:15:44.000][비교][JUCHE_DIFF_9]|현물 주/체 #2: 수신 [ $33$ ] B[ 0] 처리[ 33]|@@@
@@@[2026/06/12 16:15:44.000][비교][JUCHE_DIFF_10]|현물 주/체 #3: 수신 [ $0$ ] B[ 0] 처리[ 0]|@@@
@@@[2026/06/12 16:15:44.000][비교][JUCHE_DIFF_11]|현물 주/체 #4: 수신 [ $14$ ] B[ 0] 처리[ 14]|@@@
@@@[2026/06/12 16:15:44.000][비교][JUCHE_DIFF_12]|현물 주/체 #5: 수신 [ $2$ ] B[ 0] 처리[ 2]|@@@
@@@[2026/06/12 16:15:44.000][비교][JUCHE_DIFF_13]|현물 주/체 #6: 수신 [ $1$ ] B[ 0] 처리[ 1]|@@@
@@@[2026/06/12 16:15:44.000][비교][JUCHE_DIFF_14]|현물 주/체 #7: 수신 [ $8$ ] B[ 0] 처리[ 8]|@@@
@@@[2026/06/12 16:15:44.000][비교][JUCHE_DIFF_15]|현물 주/체 #8: 수신 [ $0$ ] B[ 0] 처리[ 0]|@@@
@@@[2026/06/12 16:15:44.000][비교][JUCHE_DIFF_16]|현물 주/체 #9: 수신 [ $2$ ] B[ 0] 처리[ 2]|@@@
@@@[2026/06/12 16:15:44.000][비교][JUCHE_DIFF_17]|현물 주/체 #0: 수신 [ $2$ ] B[ 0] 처리[ 2]|@@@
@@@[2026/06/12 16:15:44.000][비교][JUCHE_DIFF_18]|파생 주/체 #1: 수신 [ $56$ ] B[ 0] 처리[ 56]|@@@
@@@[2026/06/12 16:15:44.000][비교][JUCHE_DIFF_19]|계좌정보 #1: 수신 [ $61$ ] B[ 0] 처리[ 61]|@@@
@@@[2026/06/12 16:15:44.000][비교][JUCHE_DIFF_20]|실시간정산 #1: 수신 [ $1432$ ] B[ 0] 처리[ 1432]|@@@
@@@[2026/06/12 16:15:44.000][비교][JUCHE_DIFF_21]|실시간정산 #2: 수신 [ $1773$ ] B[ 0] 처리[ 1773]|@@@
@@@[2026/06/12 16:15:44.000][비교][JUCHE_DIFF_22]|실시간정산 #3: 수신 [ $1594$ ] B[ 0] 처리[ 1594]|@@@
@@@[2026/06/12 16:15:44.000][비교][JUCHE_DIFF_23]|실시간정산 #4: 수신 [ $1489$ ] B[ 0] 처리[ 1489]|@@@
@@@[2026/06/12 16:15:44.000][비교][JUCHE_DIFF_24]|실시간정산 #5: 수신 [ $1714$ ] B[ 0] 처리[ 1714]|@@@
@@@[2026/06/12 16:15:44.000][비교][JUCHE_DIFF_25]|실시간정산 #6: 수신 [ $1495$ ] B[ 0] 처리[ 1495]|@@@
@@@[2026/06/12 16:15:44.000][비교][JUCHE_DIFF_26]|실시간정산 #7: 수신 [ $1466$ ] B[ 0] 처리[ 1466]|@@@
@@@[2026/06/12 16:15:44.000][비교][JUCHE_DIFF_27]|실시간정산 #8: 수신 [ $1680$ ] B[ 0] 처리[ 1680]|@@@
@@@[2026/06/12 16:15:44.000][비교][JUCHE_DIFF_28]|실시간정산 #9: 수신 [ $1563$ ] B[ 0] 처리[ 1563]|@@@
@@@[2026/06/12 16:15:44.000][비교][JUCHE_DIFF_29]|실시간정산 #0: 수신 [ $1331$ ] B[ 0] 처리[ 1331]|@@@
@@@[2026/06/12 16:15:44.000][비교][JUCHE_DIFF_30]|------------------------------------------------------------------|@@@
@@@[2026/06/12 16:15:44.000][비교][JUCHE_DIFF_31]|[재송정보]|@@@
@@@[2026/06/12 16:15:44.000][비교][JUCHE_DIFF_32]|R 현물 주/체#1: 수신 [ $0$ ] B[ 0] 처리[ 0]|@@@
@@@[2026/06/12 16:15:44.000][비교][JUCHE_DIFF_33]|R 파생 주/체#1: 수신 [ $0$ ] B[ 0] 처리[ 0]|@@@
@@@[2026/06/12 16:15:44.000][비교][JUCHE_DIFF_34]|R 계좌정보 #1: 수신 [ $0$ ] B[ 0] 처리[ 0]|@@@
@@@[2026/06/12 16:15:44.000][비교][JUCHE_DIFF_35]|R 실시간정산#1: 수신 [ $0$ ] B[ 0] 처리[ 0]|@@@
@@@[2026/06/12 16:15:44.000][비교][JUCHE_DIFF_36]|==================================================================|@@@
@@@[2026/06/12 16:15:44.000][수치][JCM_LOAD_1]|JCNEXT_SHMKEY=0xc0002212|@@@
@@@[2026/06/12 16:15:44.000][수치][JCM_LOAD_2]|JCM_CONF=/home/axistuja/cfg/jcm.cfg|@@@
@@@[2026/06/12 16:15:44.000][수치][JCM_LOAD_3]|[fa96e000]|@@@
@@@[2026/06/12 16:15:44.000][수치][JCM_LOAD_4]|생성일자=2026/02/20 18:01:21|@@@
@@@[2026/06/12 16:15:44.000][수치][JCM_LOAD_5]|==================================================================|@@@
@@@[2026/06/12 16:15:44.000][수치][JCM_LOAD_6]|MCAST [ OFF ]|@@@
@@@[2026/06/12 16:15:44.000][수치][JCM_LOAD_7]|------------------------------------------------------------------|@@@
@@@[2026/06/12 16:15:44.000][수치][JCM_LOAD_8]|현물 주/체 #1: 수신 [ $2$ ] B[ 0] 처리[ 2]|@@@
@@@[2026/06/12 16:15:44.000][수치][JCM_LOAD_9]|현물 주/체 #2: 수신 [ $33$ ] B[ 0] 처리[ 33]|@@@
@@@[2026/06/12 16:15:44.000][수치][JCM_LOAD_10]|현물 주/체 #3: 수신 [ $0$ ] B[ 0] 처리[ 0]|@@@
@@@[2026/06/12 16:15:44.000][수치][JCM_LOAD_11]|현물 주/체 #4: 수신 [ $14$ ] B[ 0] 처리[ 14]|@@@
@@@[2026/06/12 16:15:44.000][수치][JCM_LOAD_12]|현물 주/체 #5: 수신 [ $2$ ] B[ 0] 처리[ 2]|@@@
@@@[2026/06/12 16:15:44.000][수치][JCM_LOAD_13]|현물 주/체 #6: 수신 [ $1$ ] B[ 0] 처리[ 1]|@@@
@@@[2026/06/12 16:15:44.000][수치][JCM_LOAD_14]|현물 주/체 #7: 수신 [ $8$ ] B[ 0] 처리[ 8]|@@@
@@@[2026/06/12 16:15:44.000][수치][JCM_LOAD_15]|현물 주/체 #8: 수신 [ $0$ ] B[ 0] 처리[ 0]|@@@
@@@[2026/06/12 16:15:44.000][수치][JCM_LOAD_16]|현물 주/체 #9: 수신 [ $2$ ] B[ 0] 처리[ 2]|@@@
@@@[2026/06/12 16:15:44.000][수치][JCM_LOAD_17]|현물 주/체 #0: 수신 [ $2$ ] B[ 0] 처리[ 2]|@@@
@@@[2026/06/12 16:15:44.000][수치][JCM_LOAD_18]|파생 주/체 #1: 수신 [ $56$ ] B[ 0] 처리[ 56]|@@@
@@@[2026/06/12 16:15:44.000][수치][JCM_LOAD_19]|계좌정보 #1: 수신 [ $61$ ] B[ 0] 처리[ 61]|@@@
@@@[2026/06/12 16:15:44.000][수치][JCM_LOAD_20]|실시간정산 #1: 수신 [ $1432$ ] B[ 0] 처리[ 1432]|@@@
@@@[2026/06/12 16:15:44.000][수치][JCM_LOAD_21]|실시간정산 #2: 수신 [ $1773$ ] B[ 0] 처리[ 1773]|@@@
@@@[2026/06/12 16:15:44.000][수치][JCM_LOAD_22]|실시간정산 #3: 수신 [ $1594$ ] B[ 0] 처리[ 1594]|@@@
@@@[2026/06/12 16:15:44.000][수치][JCM_LOAD_23]|실시간정산 #4: 수신 [ $1489$ ] B[ 0] 처리[ 1489]|@@@
@@@[2026/06/12 16:15:44.000][수치][JCM_LOAD_24]|실시간정산 #5: 수신 [ $1714$ ] B[ 0] 처리[ 1714]|@@@
@@@[2026/06/12 16:15:44.000][수치][JCM_LOAD_25]|실시간정산 #6: 수신 [ $1495$ ] B[ 0] 처리[ 1495]|@@@
@@@[2026/06/12 16:15:44.000][수치][JCM_LOAD_26]|실시간정산 #7: 수신 [ $1466$ ] B[ 0] 처리[ 1466]|@@@
@@@[2026/06/12 16:15:44.000][수치][JCM_LOAD_27]|실시간정산 #8: 수신 [ $1680$ ] B[ 0] 처리[ 1680]|@@@
@@@[2026/06/12 16:15:44.000][수치][JCM_LOAD_28]|실시간정산 #9: 수신 [ $1563$ ] B[ 0] 처리[ 1563]|@@@
@@@[2026/06/12 16:15:44.000][수치][JCM_LOAD_29]|실시간정산 #0: 수신 [ $1331$ ] B[ 0] 처리[ 1331]|@@@
@@@[2026/06/12 16:15:44.000][수치][JCM_LOAD_30]|------------------------------------------------------------------|@@@
@@@[2026/06/12 16:15:44.000][수치][JCM_LOAD_31]|[재송정보]|@@@
@@@[2026/06/12 16:15:44.000][수치][JCM_LOAD_32]|R 현물 주/체#1: 수신 [ $0$ ] B[ 0] 처리[ 0]|@@@
@@@[2026/06/12 16:15:44.000][수치][JCM_LOAD_33]|R 파생 주/체#1: 수신 [ $0$ ] B[ 0] 처리[ 0]|@@@
@@@[2026/06/12 16:15:44.000][수치][JCM_LOAD_34]|R 계좌정보 #1: 수신 [ $0$ ] B[ 0] 처리[ 0]|@@@
@@@[2026/06/12 16:15:44.000][수치][JCM_LOAD_35]|R 실시간정산#1: 수신 [ $0$ ] B[ 0] 처리[ 0]|@@@
@@@[2026/06/12 16:15:44.000][수치][JCM_LOAD_36]|==================================================================|@@@
@@@[2026/06/12 16:15:45.000][수치][JCM_DISK]|/dev/mapper/datavg-home 524236800 232919336 291317464 $45$% /home|@@@
@@@[2026/06/12 16:15:45.000][수치][JCM_PROC_AZ]|AZ_ 프로세스 구동 개수: $3$$ 건|@@@
@@@[2026/06/12 16:15:45.000][수치][JCM_PROC_AO_MP]|AO_MP 프로세스 구동 개수: $1$$ 건|@@@
@@@[2026/06/12 16:15:45.000][수치][JCM_PROC_AO_JN]|AO_JN 프로세스 구동 개수: $4$$ 건|@@@
@@@[2026/06/12 16:15:45.000][수치][JCM_PROC_AO_TR]|AO_TR 프로세스 구동 개수: $4$$ 건|@@@
@@@[2026/06/12 16:15:45.000][시간][JCM_MOM_RV_TIME]|PID[1897551] STIME[$09:54$] CMD:/home/axistuja/bin/mom_rvdata|@@@
@@@[2026/06/12 16:15:45.000][시간][JCM_MOM_RV_TIME]|PID[1897552] STIME[$09:54$] CMD:/home/axistuja/bin/mom_rvdata|@@@
@@@[2026/06/12 16:15:45.000][시간][JCM_MOM_RV_TIME]|PID[1897553] STIME[$09:54$] CMD:/home/axistuja/bin/mom_rvdata|@@@
@@@[2026/06/12 16:15:45.000][시간][JCM_MOM_RV_TIME]|PID[1897554] STIME[$09:54$] CMD:/home/axistuja/bin/mom_rvdata|@@@
@@@[2026/06/12 16:15:45.000][시간][JCM_DBR_TIME]|PID[1896859] STIME[$09:54$] CMD:/home/axistuja/bin/dbr_Rvmmdb|@@@
@@@[2026/06/12 16:15:45.000][시간][JCM_DBR_TIME]|PID[1896860] STIME[$09:54$] CMD:/home/axistuja/bin/dbr_Rvmmdb|@@@
@@@[2026/06/12 16:15:45.000][시간][JCM_DBR_TIME]|PID[1896861] STIME[$09:54$] CMD:/home/axistuja/bin/dbr_Rvmmdb|@@@
@@@[2026/06/12 16:15:45.000][시간][JCM_DBR_TIME]|PID[1896862] STIME[$09:54$] CMD:/home/axistuja/bin/dbr_Rvmmdb|@@@
@@@[2026/06/12 16:15:45.000][시간][JCM_DBR_TIME]|PID[1896863] STIME[$09:54$] CMD:/home/axistuja/bin/dbr_Rvmmdb|@@@
@@@[2026/06/12 16:15:45.000][시간][JCM_DBR_TIME]|PID[1896864] STIME[$09:54$] CMD:/home/axistuja/bin/dbr_Rvmmdb|@@@
@@@[2026/06/12 16:15:45.000][시간][JCM_DBR_TIME]|PID[1896866] STIME[$09:54$] CMD:/home/axistuja/bin/dbr_Rvmmdb|@@@
@@@[2026/06/12 16:15:45.000][시간][JCM_DBR_TIME]|PID[1896868] STIME[$09:54$] CMD:/home/axistuja/bin/dbr_Rvmmdb|@@@
@@@[2026/06/12 16:15:45.000][시간][JCM_DBR_TIME]|PID[1896873] STIME[$09:54$] CMD:/home/axistuja/bin/dbr_Rvmmdb|@@@
@@@[2026/06/12 16:15:45.000][시간][JCM_DBR_TIME]|PID[1896875] STIME[$09:54$] CMD:/home/axistuja/bin/dbr_Rvmmdb|@@@
@@@[2026/06/12 16:15:45.000][시간][JCM_DBR_TIME]|PID[1896877] STIME[$09:54$] CMD:/home/axistuja/bin/dbr_Rvmmdb|@@@
@@@[2026/06/12 16:15:45.000][시간][JCM_DBR_TIME]|PID[1896879] STIME[$09:54$] CMD:/home/axistuja/bin/dbr_Rvmmdb|@@@
@@@[2026/06/12 16:15:45.000][시간][JCM_DBR_TIME]|PID[1896882] STIME[$09:54$] CMD:/home/axistuja/bin/dbr_Rvmmdb|@@@
@@@[2026/06/12 16:15:45.000][시간][JCM_DBR_TIME]|PID[1896885] STIME[$09:54$] CMD:/home/axistuja/bin/dbr_Rvmmdb|@@@
@@@[2026/06/12 16:15:45.000][시간][JCM_DBR_TIME]|PID[1896887] STIME[$09:54$] CMD:/home/axistuja/bin/dbr_Rvmmdb|@@@
@@@[2026/06/12 16:15:45.000][시간][JCM_DBR_TIME]|PID[1896889] STIME[$09:54$] CMD:/home/axistuja/bin/dbr_Rvmmdb|@@@
@@@[2026/06/12 16:15:45.000][시간][JCM_DBR_TIME]|PID[1896890] STIME[$09:54$] CMD:/home/axistuja/bin/dbr_Rvmmdb|@@@
@@@[2026/06/12 16:15:45.000][시간][JCM_DBR_TIME]|PID[1896892] STIME[$09:54$] CMD:/home/axistuja/bin/dbr_Rvmmdb|@@@
@@@[2026/06/12 16:15:45.000][시간][JCM_DBR_TIME]|PID[1896894] STIME[$09:54$] CMD:/home/axistuja/bin/dbr_Rvmmdb|@@@
@@@[2026/06/12 16:15:45.000][시간][JCM_DBR_TIME]|PID[1896896] STIME[$09:54$] CMD:/home/axistuja/bin/dbr_Rvmmdb|@@@
@@@[2026/06/12 16:15:45.000][시간][JCM_DBR_TIME]|PID[1896898] STIME[$09:54$] CMD:/home/axistuja/bin/dbr_Rvmmdb|@@@
@@@[2026/06/12 16:15:45.000][시간][JCM_DBR_TIME]|PID[1896899] STIME[$09:54$] CMD:/home/axistuja/bin/dbr_Rvmmdb|@@@
@@@[2026/06/12 16:15:45.000][시간][JCM_IICLEAR]|FILE:/home/mini/IICLEAR_END.0612 TIME:$00:10$|@@@
@@@[2026/06/12 16:15:45.000][수치][JCM_BAT_SIGNAL]|BATCH_CHK Signal Proc shutdown! $0$$ 건|@@@
@@@[2026/06/12 16:15:45.000][수치][JCM_BAT_NORMAL]|BATCH_CHK Normal shutdown! $0$$ 건|@@@
@@@[2026/06/12 16:15:45.000][수치][JCM_BACHK_COUNT]|배치 처리 완료 파일 건수 $0$$ 건|@@@
@@@[2026/06/12 16:15:45.000][수치][JCM_JNL_COUNT]|*_SAM.TODAY 파일 건수 $22$$ 건|@@@
@@@[2026/06/12 16:15:45.000][수치][JCM_JNL_ACT]|ACT_*_SAM.TODAY 파일 건수 $1$$ 건|@@@
@@@[2026/06/12 16:15:45.000][수치][JCM_JNL_FOT]|FOT_*_SAM.TODAY 파일 건수 $1$$ 건|@@@
@@@[2026/06/12 16:15:45.000][수치][JCM_JNL_STK]|STK_*_SAM.TODAY 파일 건수 $10$$ 건|@@@
@@@[2026/06/12 16:15:45.000][수치][JCM_JNL_REL]|REL_*_SAM.TODAY 파일 건수 $10$$ 건|@@@
=== 모니터링 수집 종료 ===
 