2026-05-21 17:01:00.102 [scheduling-1] DEBUG com.sks.precheck.collect.mapper.CollectHistoryMapper.insert - ==>  Preparing: INSERT INTO TB_COLLECT_HISTORY ( COLLECT_HISTORY_ID, SERVER_ID, SERVER_IP, SOURCE_FILE_PATH, SCHEDULE_TYPE, COLLECT_STATUS, COLLECTED_COUNT, LAST_LINE_NUMBER, FILE_SIZE_BYTES, RETRY_COUNT, FAIL_REASON, COLLECT_START_AT, COLLECT_END_AT, COLLECT_DATE, CREATED_AT, UPDATED_AT ) VALUES ( ?, ?, ?, ?, ?, ?, ?, ?, ?, ?, ?, ?, ?, ?, ?, ? )
2026-05-21 17:01:00.102 [scheduling-1] DEBUG com.sks.precheck.collect.mapper.CollectHistoryMapper.insert - ==> Parameters: 49(Long), localtest01(String), 127.0.0.1(String), C:\Users\20200161\Desktop\PreCheck_work\Precheck_project\Precheck_SKSCh1\precheck_collect\log_sample\monitoring_120_log.0519.txt(String), 주기(String), FAIL(String), null, null, null, 0(Long), IN_PROGRESS(String), 2026-05-21T17:01:00.102526(LocalDateTime), null, 20260521(String), 2026-05-21T17:01:00.102526(LocalDateTime), 2026-05-21T17:01:00.102526(LocalDateTime)
2026-05-21 17:01:00.103 [scheduling-1] DEBUG com.sks.precheck.collect.mapper.CollectHistoryMapper.insert - <==    Updates: 1
2026-05-21 17:01:00.104 [scheduling-1] DEBUG com.sks.precheck.collect.mapper.CollectHistoryMapper.updateCollectStatus - ==>  Preparing: UPDATE TB_COLLECT_HISTORY SET RETRY_COUNT = ?, UPDATED_AT = ? WHERE COLLECT_HISTORY_ID = ?
2026-05-21 17:01:00.105 [scheduling-1] DEBUG com.sks.precheck.collect.mapper.CollectHistoryMapper.updateCollectStatus - ==> Parameters: 0(Long), 2026-05-21T17:01:00.104519700(LocalDateTime), 49(Long)
2026-05-21 17:01:00.106 [scheduling-1] DEBUG com.sks.precheck.collect.mapper.CollectHistoryMapper.updateCollectStatus - <==    Updates: 1
2026-05-21 17:01:00.107 [scheduling-1] DEBUG com.sks.precheck.collect.mapper.CollectExcludeMapper.countActiveExclude - ==>  Preparing: SELECT COUNT(*) FROM TB_COLLECT_EXCLUDE WHERE SERVER_ID = ? AND SOURCE_FILE_PATH = ? AND RESTORE_YN = 'N'
2026-05-21 17:01:00.107 [scheduling-1] DEBUG com.sks.precheck.collect.mapper.CollectExcludeMapper.countActiveExclude - ==> Parameters: localtest01(String), C:\Users\20200161\Desktop\PreCheck_work\Precheck_project\Precheck_SKSCh1\precheck_collect\log_sample\monitoring_120_log.0519.txt(String)
2026-05-21 17:01:00.108 [scheduling-1] DEBUG com.sks.precheck.collect.mapper.CollectExcludeMapper.countActiveExclude - <==      Total: 1
2026-05-21 17:01:00.108 [scheduling-1] DEBUG com.sks.precheck.collect.mapper.CollectHistoryMapper.findLastLineNumber - ==>  Preparing: SELECT LAST_LINE_NUMBER FROM TB_COLLECT_HISTORY WHERE SERVER_ID = ? AND SOURCE_FILE_PATH = ? AND COLLECT_STATUS = 'SUCCESS' ORDER BY COLLECT_START_AT DESC FETCH FIRST 1 ROWS ONLY
2026-05-21 17:01:00.108 [scheduling-1] DEBUG com.sks.precheck.collect.mapper.CollectHistoryMapper.findLastLineNumber - ==> Parameters: localtest01(String), C:\Users\20200161\Desktop\PreCheck_work\Precheck_project\Precheck_SKSCh1\precheck_collect\log_sample\monitoring_120_log.0519.txt(String)
2026-05-21 17:01:00.108 [scheduling-1] DEBUG com.sks.precheck.collect.mapper.CollectHistoryMapper.findLastLineNumber - <==      Total: 1
2026-05-21 17:01:00.108 [scheduling-1] DEBUG com.sks.precheck.collect.mapper.CollectHistoryMapper.updateCollectStatus - ==>  Preparing: UPDATE TB_COLLECT_HISTORY SET COLLECT_STATUS = ?, COLLECTED_COUNT = ?, LAST_LINE_NUMBER = ?, FILE_SIZE_BYTES = ?, COLLECT_END_AT = ?, UPDATED_AT = ? WHERE COLLECT_HISTORY_ID = ?
2026-05-21 17:01:00.108 [scheduling-1] DEBUG com.sks.precheck.collect.mapper.CollectHistoryMapper.updateCollectStatus - ==> Parameters: SUCCESS(String), 0(Long), 34(Long), 3443(Long), 2026-05-21T17:01:00.108590400(LocalDateTime), 2026-05-21T17:01:00.108590400(LocalDateTime), 49(Long)
2026-05-21 17:01:00.108 [scheduling-1] DEBUG com.sks.precheck.collect.mapper.CollectHistoryMapper.updateCollectStatus - <==    Updates: 1
2026-05-21 17:01:00.108 [scheduling-1] INFO  com.sks.precheck.collect.service.CollectRetryService - 수집 완료 - 서버: localtest01, 파일: C:\Users\20200161\Desktop\PreCheck_work\Precheck_project\Precheck_SKSCh1\precheck_collect\log_sample\monitoring_120_log.0519.txt, 타입: 주기, 저장건수: 0
2026-05-21 17:02:00.275 [scheduling-1] DEBUG com.sks.precheck.collect.mapper.CollectHistoryMapper.insert - ==>  Preparing: INSERT INTO TB_COLLECT_HISTORY ( COLLECT_HISTORY_ID, SERVER_ID, SERVER_IP, SOURCE_FILE_PATH, SCHEDULE_TYPE, COLLECT_STATUS, COLLECTED_COUNT, LAST_LINE_NUMBER, FILE_SIZE_BYTES, RETRY_COUNT, FAIL_REASON, COLLECT_START_AT, COLLECT_END_AT, COLLECT_DATE, CREATED_AT, UPDATED_AT ) VALUES ( ?, ?, ?, ?, ?, ?, ?, ?, ?, ?, ?, ?, ?, ?, ?, ? )
2026-05-21 17:02:00.275 [scheduling-1] DEBUG com.sks.precheck.collect.mapper.CollectHistoryMapper.insert - ==> Parameters: 50(Long), localtest01(String), 127.0.0.1(String), C:\Users\20200161\Desktop\PreCheck_work\Precheck_project\Precheck_SKSCh1\precheck_collect\log_sample\monitoring_120_log.0519.txt(String), 주기(String), FAIL(String), null, null, null, 0(Long), IN_PROGRESS(String), 2026-05-21T17:02:00.275911400(LocalDateTime), null, 20260521(String), 2026-05-21T17:02:00.275911400(LocalDateTime), 2026-05-21T17:02:00.275911400(LocalDateTime)
2026-05-21 17:02:00.275 [scheduling-1] DEBUG com.sks.precheck.collect.mapper.CollectHistoryMapper.insert - <==    Updates: 1
2026-05-21 17:02:00.275 [scheduling-1] DEBUG com.sks.precheck.collect.mapper.CollectHistoryMapper.updateCollectStatus - ==>  Preparing: UPDATE TB_COLLECT_HISTORY SET RETRY_COUNT = ?, UPDATED_AT = ? WHERE COLLECT_HISTORY_ID = ?
2026-05-21 17:02:00.275 [scheduling-1] DEBUG com.sks.precheck.collect.mapper.CollectHistoryMapper.updateCollectStatus - ==> Parameters: 0(Long), 2026-05-21T17:02:00.275911400(LocalDateTime), 50(Long)
2026-05-21 17:02:00.275 [scheduling-1] DEBUG com.sks.precheck.collect.mapper.CollectHistoryMapper.updateCollectStatus - <==    Updates: 1
2026-05-21 17:02:00.275 [scheduling-1] DEBUG com.sks.precheck.collect.mapper.CollectExcludeMapper.countActiveExclude - ==>  Preparing: SELECT COUNT(*) FROM TB_COLLECT_EXCLUDE WHERE SERVER_ID = ? AND SOURCE_FILE_PATH = ? AND RESTORE_YN = 'N'
2026-05-21 17:02:00.275 [scheduling-1] DEBUG com.sks.precheck.collect.mapper.CollectExcludeMapper.countActiveExclude - ==> Parameters: localtest01(String), C:\Users\20200161\Desktop\PreCheck_work\Precheck_project\Precheck_SKSCh1\precheck_collect\log_sample\monitoring_120_log.0519.txt(String)
2026-05-21 17:02:00.275 [scheduling-1] DEBUG com.sks.precheck.collect.mapper.CollectExcludeMapper.countActiveExclude - <==      Total: 1
2026-05-21 17:02:00.275 [scheduling-1] DEBUG com.sks.precheck.collect.mapper.CollectHistoryMapper.findLastLineNumber - ==>  Preparing: SELECT LAST_LINE_NUMBER FROM TB_COLLECT_HISTORY WHERE SERVER_ID = ? AND SOURCE_FILE_PATH = ? AND COLLECT_STATUS = 'SUCCESS' ORDER BY COLLECT_START_AT DESC FETCH FIRST 1 ROWS ONLY
2026-05-21 17:02:00.275 [scheduling-1] DEBUG com.sks.precheck.collect.mapper.CollectHistoryMapper.findLastLineNumber - ==> Parameters: localtest01(String), C:\Users\20200161\Desktop\PreCheck_work\Precheck_project\Precheck_SKSCh1\precheck_collect\log_sample\monitoring_120_log.0519.txt(String)
2026-05-21 17:02:00.275 [scheduling-1] DEBUG com.sks.precheck.collect.mapper.CollectHistoryMapper.findLastLineNumber - <==      Total: 1
2026-05-21 17:02:00.275 [scheduling-1] DEBUG com.sks.precheck.collect.mapper.CollectHistoryMapper.updateCollectStatus - ==>  Preparing: UPDATE TB_COLLECT_HISTORY SET COLLECT_STATUS = ?, COLLECTED_COUNT = ?, LAST_LINE_NUMBER = ?, FILE_SIZE_BYTES = ?, COLLECT_END_AT = ?, UPDATED_AT = ? WHERE COLLECT_HISTORY_ID = ?
2026-05-21 17:02:00.290 [scheduling-1] DEBUG com.sks.precheck.collect.mapper.CollectHistoryMapper.updateCollectStatus - ==> Parameters: SUCCESS(String), 0(Long), 34(Long), 3443(Long), 2026-05-21T17:02:00.275911400(LocalDateTime), 2026-05-21T17:02:00.275911400(LocalDateTime), 50(Long)
2026-05-21 17:02:00.291 [scheduling-1] DEBUG com.sks.precheck.collect.mapper.CollectHistoryMapper.updateCollectStatus - <==    Updates: 1
2026-05-21 17:02:00.291 [scheduling-1] INFO  com.sks.precheck.collect.service.CollectRetryService - 수집 완료 - 서버: localtest01, 파일: C:\Users\20200161\Desktop\PreCheck_work\Precheck_project\Precheck_SKSCh1\precheck_collect\log_sample\monitoring_120_log.0519.txt, 타입: 주기, 저장건수: 0
2026-05-21 17:03:00.479 [scheduling-1] DEBUG com.sks.precheck.collect.mapper.CollectHistoryMapper.insert - ==>  Preparing: INSERT INTO TB_COLLECT_HISTORY ( COLLECT_HISTORY_ID, SERVER_ID, SERVER_IP, SOURCE_FILE_PATH, SCHEDULE_TYPE, COLLECT_STATUS, COLLECTED_COUNT, LAST_LINE_NUMBER, FILE_SIZE_BYTES, RETRY_COUNT, FAIL_REASON, COLLECT_START_AT, COLLECT_END_AT, COLLECT_DATE, CREATED_AT, UPDATED_AT ) VALUES ( ?, ?, ?, ?, ?, ?, ?, ?, ?, ?, ?, ?, ?, ?, ?, ? )
2026-05-21 17:03:00.479 [scheduling-1] DEBUG com.sks.precheck.collect.mapper.CollectHistoryMapper.insert - ==> Parameters: 51(Long), localtest01(String), 127.0.0.1(String), C:\Users\20200161\Desktop\PreCheck_work\Precheck_project\Precheck_SKSCh1\precheck_collect\log_sample\monitoring_120_log.0519.txt(String), 주기(String), FAIL(String), null, null, null, 0(Long), IN_PROGRESS(String), 2026-05-21T17:03:00.479430800(LocalDateTime), null, 20260521(String), 2026-05-21T17:03:00.479430800(LocalDateTime), 2026-05-21T17:03:00.479430800(LocalDateTime)
2026-05-21 17:03:00.485 [scheduling-1] DEBUG com.sks.precheck.collect.mapper.CollectHistoryMapper.insert - <==    Updates: 1
2026-05-21 17:03:00.485 [scheduling-1] DEBUG com.sks.precheck.collect.mapper.CollectHistoryMapper.updateCollectStatus - ==>  Preparing: UPDATE TB_COLLECT_HISTORY SET RETRY_COUNT = ?, UPDATED_AT = ? WHERE COLLECT_HISTORY_ID = ?
2026-05-21 17:03:00.485 [scheduling-1] DEBUG com.sks.precheck.collect.mapper.CollectHistoryMapper.updateCollectStatus - ==> Parameters: 0(Long), 2026-05-21T17:03:00.485347(LocalDateTime), 51(Long)
2026-05-21 17:03:00.485 [scheduling-1] DEBUG com.sks.precheck.collect.mapper.CollectHistoryMapper.updateCollectStatus - <==    Updates: 1
2026-05-21 17:03:00.485 [scheduling-1] DEBUG com.sks.precheck.collect.mapper.CollectExcludeMapper.countActiveExclude - ==>  Preparing: SELECT COUNT(*) FROM TB_COLLECT_EXCLUDE WHERE SERVER_ID = ? AND SOURCE_FILE_PATH = ? AND RESTORE_YN = 'N'
2026-05-21 17:03:00.485 [scheduling-1] DEBUG com.sks.precheck.collect.mapper.CollectExcludeMapper.countActiveExclude - ==> Parameters: localtest01(String), C:\Users\20200161\Desktop\PreCheck_work\Precheck_project\Precheck_SKSCh1\precheck_collect\log_sample\monitoring_120_log.0519.txt(String)
2026-05-21 17:03:00.485 [scheduling-1] DEBUG com.sks.precheck.collect.mapper.CollectExcludeMapper.countActiveExclude - <==      Total: 1
2026-05-21 17:03:00.485 [scheduling-1] DEBUG com.sks.precheck.collect.mapper.CollectHistoryMapper.findLastLineNumber - ==>  Preparing: SELECT LAST_LINE_NUMBER FROM TB_COLLECT_HISTORY WHERE SERVER_ID = ? AND SOURCE_FILE_PATH = ? AND COLLECT_STATUS = 'SUCCESS' ORDER BY COLLECT_START_AT DESC FETCH FIRST 1 ROWS ONLY
2026-05-21 17:03:00.485 [scheduling-1] DEBUG com.sks.precheck.collect.mapper.CollectHistoryMapper.findLastLineNumber - ==> Parameters: localtest01(String), C:\Users\20200161\Desktop\PreCheck_work\Precheck_project\Precheck_SKSCh1\precheck_collect\log_sample\monitoring_120_log.0519.txt(String)
2026-05-21 17:03:00.492 [scheduling-1] DEBUG com.sks.precheck.collect.mapper.CollectHistoryMapper.findLastLineNumber - <==      Total: 1
2026-05-21 17:03:00.492 [scheduling-1] DEBUG com.sks.precheck.collect.mapper.CollectHistoryMapper.updateCollectStatus - ==>  Preparing: UPDATE TB_COLLECT_HISTORY SET COLLECT_STATUS = ?, COLLECTED_COUNT = ?, LAST_LINE_NUMBER = ?, FILE_SIZE_BYTES = ?, COLLECT_END_AT = ?, UPDATED_AT = ? WHERE COLLECT_HISTORY_ID = ?
2026-05-21 17:03:00.492 [scheduling-1] DEBUG com.sks.precheck.collect.mapper.CollectHistoryMapper.updateCollectStatus - ==> Parameters: SUCCESS(String), 0(Long), 34(Long), 3443(Long), 2026-05-21T17:03:00.492140100(LocalDateTime), 2026-05-21T17:03:00.492140100(LocalDateTime), 51(Long)
2026-05-21 17:03:00.492 [scheduling-1] DEBUG com.sks.precheck.collect.mapper.CollectHistoryMapper.updateCollectStatus - <==    Updates: 1
2026-05-21 17:03:00.492 [scheduling-1] INFO  com.sks.precheck.collect.service.CollectRetryService - 수집 완료 - 서버: localtest01, 파일: C:\Users\20200161\Desktop\PreCheck_work\Precheck_project\Precheck_SKSCh1\precheck_collect\log_sample\monitoring_120_log.0519.txt, 타입: 주기, 저장건수: 0
2026-05-21 17:04:00.702 [scheduling-1] DEBUG com.sks.precheck.collect.mapper.CollectHistoryMapper.insert - ==>  Preparing: INSERT INTO TB_COLLECT_HISTORY ( COLLECT_HISTORY_ID, SERVER_ID, SERVER_IP, SOURCE_FILE_PATH, SCHEDULE_TYPE, COLLECT_STATUS, COLLECTED_COUNT, LAST_LINE_NUMBER, FILE_SIZE_BYTES, RETRY_COUNT, FAIL_REASON, COLLECT_START_AT, COLLECT_END_AT, COLLECT_DATE, CREATED_AT, UPDATED_AT ) VALUES ( ?, ?, ?, ?, ?, ?, ?, ?, ?, ?, ?, ?, ?, ?, ?, ? )
2026-05-21 17:04:00.704 [scheduling-1] DEBUG com.sks.precheck.collect.mapper.CollectHistoryMapper.insert - ==> Parameters: 52(Long), localtest01(String), 127.0.0.1(String), C:\Users\20200161\Desktop\PreCheck_work\Precheck_project\Precheck_SKSCh1\precheck_collect\log_sample\monitoring_120_log.0519.txt(String), 주기(String), FAIL(String), null, null, null, 0(Long), IN_PROGRESS(String), 2026-05-21T17:04:00.702804400(LocalDateTime), null, 20260521(String), 2026-05-21T17:04:00.702804400(LocalDateTime), 2026-05-21T17:04:00.702804400(LocalDateTime)
2026-05-21 17:04:00.708 [scheduling-1] DEBUG com.sks.precheck.collect.mapper.CollectHistoryMapper.insert - <==    Updates: 1
2026-05-21 17:04:00.709 [scheduling-1] DEBUG com.sks.precheck.collect.mapper.CollectHistoryMapper.updateCollectStatus - ==>  Preparing: UPDATE TB_COLLECT_HISTORY SET RETRY_COUNT = ?, UPDATED_AT = ? WHERE COLLECT_HISTORY_ID = ?
2026-05-21 17:04:00.710 [scheduling-1] DEBUG com.sks.precheck.collect.mapper.CollectHistoryMapper.updateCollectStatus - ==> Parameters: 0(Long), 2026-05-21T17:04:00.709781300(LocalDateTime), 52(Long)
2026-05-21 17:04:00.711 [scheduling-1] DEBUG com.sks.precheck.collect.mapper.CollectHistoryMapper.updateCollectStatus - <==    Updates: 1
2026-05-21 17:04:00.712 [scheduling-1] DEBUG com.sks.precheck.collect.mapper.CollectExcludeMapper.countActiveExclude - ==>  Preparing: SELECT COUNT(*) FROM TB_COLLECT_EXCLUDE WHERE SERVER_ID = ? AND SOURCE_FILE_PATH = ? AND RESTORE_YN = 'N'
2026-05-21 17:04:00.712 [scheduling-1] DEBUG com.sks.precheck.collect.mapper.CollectExcludeMapper.countActiveExclude - ==> Parameters: localtest01(String), C:\Users\20200161\Desktop\PreCheck_work\Precheck_project\Precheck_SKSCh1\precheck_collect\log_sample\monitoring_120_log.0519.txt(String)
2026-05-21 17:04:00.713 [scheduling-1] DEBUG com.sks.precheck.collect.mapper.CollectExcludeMapper.countActiveExclude - <==      Total: 1
2026-05-21 17:04:00.713 [scheduling-1] DEBUG com.sks.precheck.collect.mapper.CollectHistoryMapper.findLastLineNumber - ==>  Preparing: SELECT LAST_LINE_NUMBER FROM TB_COLLECT_HISTORY WHERE SERVER_ID = ? AND SOURCE_FILE_PATH = ? AND COLLECT_STATUS = 'SUCCESS' ORDER BY COLLECT_START_AT DESC FETCH FIRST 1 ROWS ONLY
2026-05-21 17:04:00.713 [scheduling-1] DEBUG com.sks.precheck.collect.mapper.CollectHistoryMapper.findLastLineNumber - ==> Parameters: localtest01(String), C:\Users\20200161\Desktop\PreCheck_work\Precheck_project\Precheck_SKSCh1\precheck_collect\log_sample\monitoring_120_log.0519.txt(String)
2026-05-21 17:04:00.714 [scheduling-1] DEBUG com.sks.precheck.collect.mapper.CollectHistoryMapper.findLastLineNumber - <==      Total: 1
2026-05-21 17:04:00.715 [scheduling-1] DEBUG com.sks.precheck.collect.mapper.CollectHistoryMapper.updateCollectStatus - ==>  Preparing: UPDATE TB_COLLECT_HISTORY SET COLLECT_STATUS = ?, COLLECTED_COUNT = ?, LAST_LINE_NUMBER = ?, FILE_SIZE_BYTES = ?, COLLECT_END_AT = ?, UPDATED_AT = ? WHERE COLLECT_HISTORY_ID = ?
2026-05-21 17:04:00.715 [scheduling-1] DEBUG com.sks.precheck.collect.mapper.CollectHistoryMapper.updateCollectStatus - ==> Parameters: SUCCESS(String), 0(Long), 34(Long), 3443(Long), 2026-05-21T17:04:00.715760600(LocalDateTime), 2026-05-21T17:04:00.715760600(LocalDateTime), 52(Long)
2026-05-21 17:04:00.716 [scheduling-1] DEBUG com.sks.precheck.collect.mapper.CollectHistoryMapper.updateCollectStatus - <==    Updates: 1
2026-05-21 17:04:00.716 [scheduling-1] INFO  com.sks.precheck.collect.service.CollectRetryService - 수집 완료 - 서버: localtest01, 파일: C:\Users\20200161\Desktop\PreCheck_work\Precheck_project\Precheck_SKSCh1\precheck_collect\log_sample\monitoring_120_log.0519.txt, 타입: 주기, 저장건수: 0
2026-05-21 17:05:00.913 [scheduling-1] DEBUG com.sks.precheck.collect.mapper.CollectHistoryMapper.insert - ==>  Preparing: INSERT INTO TB_COLLECT_HISTORY ( COLLECT_HISTORY_ID, SERVER_ID, SERVER_IP, SOURCE_FILE_PATH, SCHEDULE_TYPE, COLLECT_STATUS, COLLECTED_COUNT, LAST_LINE_NUMBER, FILE_SIZE_BYTES, RETRY_COUNT, FAIL_REASON, COLLECT_START_AT, COLLECT_END_AT, COLLECT_DATE, CREATED_AT, UPDATED_AT ) VALUES ( ?, ?, ?, ?, ?, ?, ?, ?, ?, ?, ?, ?, ?, ?, ?, ? )
2026-05-21 17:05:00.914 [scheduling-1] DEBUG com.sks.precheck.collect.mapper.CollectHistoryMapper.insert - ==> Parameters: 53(Long), localtest01(String), 127.0.0.1(String), C:\Users\20200161\Desktop\PreCheck_work\Precheck_project\Precheck_SKSCh1\precheck_collect\log_sample\monitoring_120_log.0519.txt(String), 주기(String), FAIL(String), null, null, null, 0(Long), IN_PROGRESS(String), 2026-05-21T17:05:00.913021400(LocalDateTime), null, 20260521(String), 2026-05-21T17:05:00.913021400(LocalDateTime), 2026-05-21T17:05:00.913021400(LocalDateTime)
2026-05-21 17:05:00.916 [scheduling-1] DEBUG com.sks.precheck.collect.mapper.CollectHistoryMapper.insert - <==    Updates: 1
2026-05-21 17:05:00.917 [scheduling-1] DEBUG com.sks.precheck.collect.mapper.CollectHistoryMapper.updateCollectStatus - ==>  Preparing: UPDATE TB_COLLECT_HISTORY SET RETRY_COUNT = ?, UPDATED_AT = ? WHERE COLLECT_HISTORY_ID = ?
2026-05-21 17:05:00.917 [scheduling-1] DEBUG com.sks.precheck.collect.mapper.CollectHistoryMapper.updateCollectStatus - ==> Parameters: 0(Long), 2026-05-21T17:05:00.916012(LocalDateTime), 53(Long)
2026-05-21 17:05:00.917 [scheduling-1] DEBUG com.sks.precheck.collect.mapper.CollectHistoryMapper.updateCollectStatus - <==    Updates: 1
2026-05-21 17:05:00.917 [scheduling-1] DEBUG com.sks.precheck.collect.mapper.CollectExcludeMapper.countActiveExclude - ==>  Preparing: SELECT COUNT(*) FROM TB_COLLECT_EXCLUDE WHERE SERVER_ID = ? AND SOURCE_FILE_PATH = ? AND RESTORE_YN = 'N'
2026-05-21 17:05:00.917 [scheduling-1] DEBUG com.sks.precheck.collect.mapper.CollectExcludeMapper.countActiveExclude - ==> Parameters: localtest01(String), C:\Users\20200161\Desktop\PreCheck_work\Precheck_project\Precheck_SKSCh1\precheck_collect\log_sample\monitoring_120_log.0519.txt(String)
2026-05-21 17:05:00.917 [scheduling-1] DEBUG com.sks.precheck.collect.mapper.CollectExcludeMapper.countActiveExclude - <==      Total: 1
2026-05-21 17:05:00.917 [scheduling-1] DEBUG com.sks.precheck.collect.mapper.CollectHistoryMapper.findLastLineNumber - ==>  Preparing: SELECT LAST_LINE_NUMBER FROM TB_COLLECT_HISTORY WHERE SERVER_ID = ? AND SOURCE_FILE_PATH = ? AND COLLECT_STATUS = 'SUCCESS' ORDER BY COLLECT_START_AT DESC FETCH FIRST 1 ROWS ONLY
2026-05-21 17:05:00.917 [scheduling-1] DEBUG com.sks.precheck.collect.mapper.CollectHistoryMapper.findLastLineNumber - ==> Parameters: localtest01(String), C:\Users\20200161\Desktop\PreCheck_work\Precheck_project\Precheck_SKSCh1\precheck_collect\log_sample\monitoring_120_log.0519.txt(String)
2026-05-21 17:05:00.917 [scheduling-1] DEBUG com.sks.precheck.collect.mapper.CollectHistoryMapper.findLastLineNumber - <==      Total: 1
2026-05-21 17:05:00.917 [scheduling-1] DEBUG com.sks.precheck.collect.mapper.CollectHistoryMapper.updateCollectStatus - ==>  Preparing: UPDATE TB_COLLECT_HISTORY SET COLLECT_STATUS = ?, COLLECTED_COUNT = ?, LAST_LINE_NUMBER = ?, FILE_SIZE_BYTES = ?, COLLECT_END_AT = ?, UPDATED_AT = ? WHERE COLLECT_HISTORY_ID = ?
2026-05-21 17:05:00.917 [scheduling-1] DEBUG com.sks.precheck.collect.mapper.CollectHistoryMapper.updateCollectStatus - ==> Parameters: SUCCESS(String), 0(Long), 34(Long), 3443(Long), 2026-05-21T17:05:00.917390100(LocalDateTime), 2026-05-21T17:05:00.917390100(LocalDateTime), 53(Long)
2026-05-21 17:05:00.917 [scheduling-1] DEBUG com.sks.precheck.collect.mapper.CollectHistoryMapper.updateCollectStatus - <==    Updates: 1
2026-05-21 17:05:00.917 [scheduling-1] INFO  com.sks.precheck.collect.service.CollectRetryService - 수집 완료 - 서버: localtest01, 파일: C:\Users\20200161\Desktop\PreCheck_work\Precheck_project\Precheck_SKSCh1\precheck_collect\log_sample\monitoring_120_log.0519.txt, 타입: 주기, 저장건수: 0
